{"/home/travis/build/npmtest/node-npmtest-amqp/test.js":{"path":"/home/travis/build/npmtest/node-npmtest-amqp/test.js","s":{"1":2,"2":2,"3":2,"4":2,"5":2,"6":2,"7":2,"8":1,"9":2,"10":2,"11":1,"12":1,"13":1,"14":1,"15":2,"16":2,"17":2,"18":2,"19":1,"20":1,"21":2,"22":2,"23":2,"24":1,"25":1,"26":1,"27":1,"28":1,"29":1,"30":1,"31":1,"32":1,"33":1,"34":1,"35":1,"36":1,"37":1,"38":1,"39":2,"40":2,"41":1,"42":2,"43":2,"44":1,"45":2,"46":2,"47":1,"48":2,"49":2,"50":1,"51":1,"52":1,"53":1,"54":1},"b":{"1":[2,1,1,1],"2":[1,1,1,1],"3":[1,1],"4":[1,1],"5":[1,1],"6":[1,1],"7":[1,1],"8":[1,1],"9":[1,1],"10":[1,1,1],"11":[1,1],"12":[1,1],"13":[1,1],"14":[1,1],"15":[1,1],"16":[1,1],"17":[1,1]},"f":{"1":2,"2":2,"3":2,"4":2,"5":2,"6":1,"7":1,"8":1,"9":2,"10":2,"11":2,"12":2,"13":1},"fnMap":{"1":{"name":"(anonymous_1)","line":12,"loc":{"start":{"line":12,"column":1},"end":{"line":12,"column":13}}},"2":{"name":"(anonymous_2)","line":19,"loc":{"start":{"line":19,"column":5},"end":{"line":19,"column":17}}},"3":{"name":"(anonymous_3)","line":23,"loc":{"start":{"line":23,"column":24},"end":{"line":23,"column":36}}},"4":{"name":"(anonymous_4)","line":61,"loc":{"start":{"line":61,"column":5},"end":{"line":61,"column":17}}},"5":{"name":"(anonymous_5)","line":82,"loc":{"start":{"line":82,"column":5},"end":{"line":82,"column":17}}},"6":{"name":"(anonymous_6)","line":91,"loc":{"start":{"line":91,"column":77},"end":{"line":94,"column":10}}},"7":{"name":"(anonymous_7)","line":112,"loc":{"start":{"line":112,"column":83},"end":{"line":115,"column":10}},"skip":true},"8":{"name":"(anonymous_8)","line":123,"loc":{"start":{"line":123,"column":77},"end":{"line":126,"column":10}},"skip":true},"9":{"name":"(anonymous_9)","line":139,"loc":{"start":{"line":139,"column":12},"end":{"line":139,"column":40}},"skip":true},"10":{"name":"(anonymous_10)","line":147,"loc":{"start":{"line":147,"column":77},"end":{"line":150,"column":10}},"skip":true},"11":{"name":"(anonymous_11)","line":158,"loc":{"start":{"line":158,"column":83},"end":{"line":161,"column":10}},"skip":true},"12":{"name":"(anonymous_12)","line":169,"loc":{"start":{"line":169,"column":79},"end":{"line":172,"column":10}},"skip":true},"13":{"name":"(anonymous_13)","line":180,"loc":{"start":{"line":180,"column":75},"end":{"line":183,"column":10}},"skip":true}},"statementMap":{"1":{"start":{"line":12,"column":0},"end":{"line":195,"column":5}},"2":{"start":{"line":14,"column":4},"end":{"line":14,"column":14}},"3":{"start":{"line":19,"column":4},"end":{"line":56,"column":9}},"4":{"start":{"line":21,"column":8},"end":{"line":21,"column":19}},"5":{"start":{"line":23,"column":8},"end":{"line":35,"column":13}},"6":{"start":{"line":24,"column":12},"end":{"line":34,"column":13}},"7":{"start":{"line":25,"column":16},"end":{"line":28,"column":30}},"8":{"start":{"line":30,"column":16},"end":{"line":33,"column":27}},"9":{"start":{"line":37,"column":8},"end":{"line":39,"column":21}},"10":{"start":{"line":40,"column":8},"end":{"line":53,"column":9}},"11":{"start":{"line":43,"column":12},"end":{"line":46,"column":14}},"12":{"start":{"line":47,"column":12},"end":{"line":47,"column":18}},"13":{"start":{"line":50,"column":12},"end":{"line":51,"column":33}},"14":{"start":{"line":52,"column":12},"end":{"line":52,"column":18}},"15":{"start":{"line":55,"column":8},"end":{"line":55,"column":35}},"16":{"start":{"line":61,"column":4},"end":{"line":63,"column":9}},"17":{"start":{"line":62,"column":8},"end":{"line":62,"column":15}},"18":{"start":{"line":64,"column":4},"end":{"line":77,"column":5}},"19":{"start":{"line":70,"column":8},"end":{"line":70,"column":14}},"20":{"start":{"line":76,"column":8},"end":{"line":76,"column":14}},"21":{"start":{"line":82,"column":4},"end":{"line":84,"column":9}},"22":{"start":{"line":83,"column":8},"end":{"line":83,"column":15}},"23":{"start":{"line":85,"column":4},"end":{"line":194,"column":5}},"24":{"start":{"line":91,"column":8},"end":{"line":99,"column":10}},"25":{"start":{"line":98,"column":12},"end":{"line":98,"column":35}},"26":{"start":{"line":102,"column":8},"end":{"line":104,"column":63}},"27":{"start":{"line":105,"column":8},"end":{"line":105,"column":14}},"28":{"start":{"line":112,"column":8},"end":{"line":121,"column":10},"skip":true},"29":{"start":{"line":119,"column":12},"end":{"line":119,"column":55},"skip":true},"30":{"start":{"line":120,"column":12},"end":{"line":120,"column":48},"skip":true},"31":{"start":{"line":123,"column":8},"end":{"line":136,"column":10},"skip":true},"32":{"start":{"line":130,"column":12},"end":{"line":130,"column":76},"skip":true},"33":{"start":{"line":131,"column":12},"end":{"line":131,"column":73},"skip":true},"34":{"start":{"line":132,"column":12},"end":{"line":132,"column":74},"skip":true},"35":{"start":{"line":133,"column":12},"end":{"line":133,"column":79},"skip":true},"36":{"start":{"line":134,"column":12},"end":{"line":134,"column":25},"skip":true},"37":{"start":{"line":135,"column":12},"end":{"line":135,"column":45},"skip":true},"38":{"start":{"line":138,"column":8},"end":{"line":145,"column":14},"skip":true},"39":{"start":{"line":143,"column":16},"end":{"line":143,"column":29},"skip":true},"40":{"start":{"line":144,"column":16},"end":{"line":144,"column":55},"skip":true},"41":{"start":{"line":147,"column":8},"end":{"line":156,"column":10},"skip":true},"42":{"start":{"line":154,"column":12},"end":{"line":154,"column":25},"skip":true},"43":{"start":{"line":155,"column":12},"end":{"line":155,"column":45},"skip":true},"44":{"start":{"line":158,"column":8},"end":{"line":167,"column":10},"skip":true},"45":{"start":{"line":165,"column":12},"end":{"line":165,"column":25},"skip":true},"46":{"start":{"line":166,"column":12},"end":{"line":166,"column":48},"skip":true},"47":{"start":{"line":169,"column":8},"end":{"line":178,"column":10},"skip":true},"48":{"start":{"line":176,"column":12},"end":{"line":176,"column":25},"skip":true},"49":{"start":{"line":177,"column":12},"end":{"line":177,"column":46},"skip":true},"50":{"start":{"line":180,"column":8},"end":{"line":189,"column":10},"skip":true},"51":{"start":{"line":187,"column":12},"end":{"line":187,"column":94},"skip":true},"52":{"start":{"line":188,"column":12},"end":{"line":188,"column":48},"skip":true},"53":{"start":{"line":192,"column":8},"end":{"line":192,"column":35},"skip":true},"54":{"start":{"line":193,"column":8},"end":{"line":193,"column":14},"skip":true}},"branchMap":{"1":{"line":25,"type":"binary-expr","locations":[{"start":{"line":25,"column":23},"end":{"line":25,"column":62}},{"start":{"line":26,"column":20},"end":{"line":26,"column":70}},{"start":{"line":27,"column":20},"end":{"line":27,"column":71}},{"start":{"line":28,"column":20},"end":{"line":28,"column":29}}]},"2":{"line":30,"type":"binary-expr","locations":[{"start":{"line":30,"column":23},"end":{"line":30,"column":37}},{"start":{"line":31,"column":20},"end":{"line":31,"column":61}},{"start":{"line":32,"column":20},"end":{"line":32,"column":70}},{"start":{"line":33,"column":20},"end":{"line":33,"column":26}}]},"3":{"line":37,"type":"cond-expr","locations":[{"start":{"line":38,"column":14},"end":{"line":38,"column":20}},{"start":{"line":39,"column":14},"end":{"line":39,"column":20}}]},"4":{"line":40,"type":"switch","locations":[{"start":{"line":42,"column":8},"end":{"line":47,"column":18}},{"start":{"line":49,"column":8},"end":{"line":52,"column":18}}]},"5":{"line":44,"type":"binary-expr","locations":[{"start":{"line":44,"column":16},"end":{"line":44,"column":44}},{"start":{"line":44,"column":48},"end":{"line":44,"column":66}}]},"6":{"line":50,"type":"binary-expr","locations":[{"start":{"line":50,"column":21},"end":{"line":50,"column":49}},{"start":{"line":50,"column":53},"end":{"line":50,"column":72}}]},"7":{"line":64,"type":"switch","locations":[{"start":{"line":69,"column":4},"end":{"line":70,"column":14}},{"start":{"line":75,"column":4},"end":{"line":76,"column":14}}]},"8":{"line":85,"type":"switch","locations":[{"start":{"line":90,"column":4},"end":{"line":105,"column":14}},{"start":{"line":111,"column":4},"end":{"line":193,"column":14},"skip":true}]},"9":{"line":91,"type":"binary-expr","locations":[{"start":{"line":91,"column":42},"end":{"line":91,"column":73}},{"start":{"line":91,"column":77},"end":{"line":99,"column":9}}]},"10":{"line":102,"type":"binary-expr","locations":[{"start":{"line":102,"column":18},"end":{"line":102,"column":32}},{"start":{"line":103,"column":12},"end":{"line":103,"column":53}},{"start":{"line":104,"column":12},"end":{"line":104,"column":61}}]},"11":{"line":112,"type":"binary-expr","locations":[{"start":{"line":112,"column":45},"end":{"line":112,"column":79},"skip":true},{"start":{"line":112,"column":83},"end":{"line":121,"column":9},"skip":true}]},"12":{"line":123,"type":"binary-expr","locations":[{"start":{"line":123,"column":42},"end":{"line":123,"column":73},"skip":true},{"start":{"line":123,"column":77},"end":{"line":136,"column":9},"skip":true}]},"13":{"line":138,"type":"binary-expr","locations":[{"start":{"line":138,"column":48},"end":{"line":138,"column":85},"skip":true},{"start":{"line":139,"column":12},"end":{"line":145,"column":13},"skip":true}]},"14":{"line":147,"type":"binary-expr","locations":[{"start":{"line":147,"column":42},"end":{"line":147,"column":73},"skip":true},{"start":{"line":147,"column":77},"end":{"line":156,"column":9},"skip":true}]},"15":{"line":158,"type":"binary-expr","locations":[{"start":{"line":158,"column":45},"end":{"line":158,"column":79},"skip":true},{"start":{"line":158,"column":83},"end":{"line":167,"column":9},"skip":true}]},"16":{"line":169,"type":"binary-expr","locations":[{"start":{"line":169,"column":43},"end":{"line":169,"column":75},"skip":true},{"start":{"line":169,"column":79},"end":{"line":178,"column":9},"skip":true}]},"17":{"line":180,"type":"binary-expr","locations":[{"start":{"line":180,"column":41},"end":{"line":180,"column":71},"skip":true},{"start":{"line":180,"column":75},"end":{"line":189,"column":9},"skip":true}]}},"code":["/* istanbul instrument in package npmtest_amqp */","/*jslint","    bitwise: true,","    browser: true,","    maxerr: 8,","    maxlen: 96,","    node: true,","    nomen: true,","    regexp: true,","    stupid: true","*/","(function () {","    'use strict';","    var local;","","","","    // run shared js-env code - init-before","    (function () {","        // init local","        local = {};","        // init modeJs","        local.modeJs = (function () {","            try {","                return typeof navigator.userAgent === 'string' &&","                    typeof document.querySelector('body') === 'object' &&","                    typeof XMLHttpRequest.prototype.open === 'function' &&","                    'browser';","            } catch (errorCaughtBrowser) {","                return module.exports &&","                    typeof process.versions.node === 'string' &&","                    typeof require('http').createServer === 'function' &&","                    'node';","            }","        }());","        // init global","        local.global = local.modeJs === 'browser'","            ? window","            : global;","        switch (local.modeJs) {","        // re-init local from window.local","        case 'browser':","            local = local.global.utility2.objectSetDefault(","                local.global.utility2_rollup || local.global.local,","                local.global.utility2","            );","            break;","        // re-init local from example.js","        case 'node':","            local = (local.global.utility2_rollup || require('utility2'))","                .requireReadme();","            break;","        }","        // export local","        local.global.local = local;","    }());","","","","    // run shared js-env code - function","    (function () {","        return;","    }());","    switch (local.modeJs) {","","","","    // run browser js-env code - function","    case 'browser':","        break;","","","","    // run node js-env code - function","    case 'node':","        break;","    }","","","","    // run shared js-env code - init-after","    (function () {","        return;","    }());","    switch (local.modeJs) {","","","","    // run browser js-env code - init-after","    case 'browser':","        local.testCase_browser_nullCase = local.testCase_browser_nullCase || function (","            options,","            onError","        ) {","        /*","         * this function will test browsers's null-case handling-behavior-behavior","         */","            onError(null, options);","        };","","        // run tests","        local.nop(local.modeTest &&","            document.querySelector('#testRunButton1') &&","            document.querySelector('#testRunButton1').click());","        break;","","","","    // run node js-env code - init-after","    /* istanbul ignore next */","    case 'node':","        local.testCase_buildApidoc_default = local.testCase_buildApidoc_default || function (","            options,","            onError","        ) {","        /*","         * this function will test buildApidoc's default handling-behavior-behavior","         */","            options = { modulePathList: module.paths };","            local.buildApidoc(options, onError);","        };","","        local.testCase_buildApp_default = local.testCase_buildApp_default || function (","            options,","            onError","        ) {","        /*","         * this function will test buildApp's default handling-behavior-behavior","         */","            local.testCase_buildReadme_default(options, local.onErrorThrow);","            local.testCase_buildLib_default(options, local.onErrorThrow);","            local.testCase_buildTest_default(options, local.onErrorThrow);","            local.testCase_buildCustomOrg_default(options, local.onErrorThrow);","            options = [];","            local.buildApp(options, onError);","        };","","        local.testCase_buildCustomOrg_default = local.testCase_buildCustomOrg_default ||","            function (options, onError) {","            /*","             * this function will test buildCustomOrg's default handling-behavior","             */","                options = {};","                local.buildCustomOrg(options, onError);","            };","","        local.testCase_buildLib_default = local.testCase_buildLib_default || function (","            options,","            onError","        ) {","        /*","         * this function will test buildLib's default handling-behavior","         */","            options = {};","            local.buildLib(options, onError);","        };","","        local.testCase_buildReadme_default = local.testCase_buildReadme_default || function (","            options,","            onError","        ) {","        /*","         * this function will test buildReadme's default handling-behavior-behavior","         */","            options = {};","            local.buildReadme(options, onError);","        };","","        local.testCase_buildTest_default = local.testCase_buildTest_default || function (","            options,","            onError","        ) {","        /*","         * this function will test buildTest's default handling-behavior","         */","            options = {};","            local.buildTest(options, onError);","        };","","        local.testCase_webpage_default = local.testCase_webpage_default || function (","            options,","            onError","        ) {","        /*","         * this function will test webpage's default handling-behavior","         */","            options = { modeCoverageMerge: true, url: local.serverLocalHost + '?modeTest=1' };","            local.browserTest(options, onError);","        };","","        // run test-server","        local.testRunServer(local);","        break;","    }","}());",""],"l":{"12":2,"14":2,"19":2,"21":2,"23":2,"24":2,"25":2,"30":1,"37":2,"40":2,"43":1,"47":1,"50":1,"52":1,"55":2,"61":2,"62":2,"64":2,"70":1,"76":1,"82":2,"83":2,"85":2,"91":1,"98":1,"102":1,"105":1,"112":1,"119":1,"120":1,"123":1,"130":1,"131":1,"132":1,"133":1,"134":1,"135":1,"138":1,"143":2,"144":2,"147":1,"154":2,"155":2,"158":1,"165":2,"166":2,"169":1,"176":2,"177":2,"180":1,"187":1,"188":1,"192":1,"193":1}},"/home/travis/build/npmtest/node-npmtest-amqp/lib.npmtest_amqp.js":{"path":"/home/travis/build/npmtest/node-npmtest-amqp/lib.npmtest_amqp.js","s":{"1":2,"2":2,"3":2,"4":2,"5":2,"6":2,"7":2,"8":1,"9":2,"10":2,"11":2,"12":2,"13":1,"14":1,"15":1,"16":1},"b":{"1":[2,1,1,1],"2":[1,1,1,1],"3":[1,1],"4":[2,2],"5":[1,1]},"f":{"1":2,"2":2,"3":2},"fnMap":{"1":{"name":"(anonymous_1)","line":12,"loc":{"start":{"line":12,"column":1},"end":{"line":12,"column":13}}},"2":{"name":"(anonymous_2)","line":19,"loc":{"start":{"line":19,"column":5},"end":{"line":19,"column":17}}},"3":{"name":"(anonymous_3)","line":23,"loc":{"start":{"line":23,"column":24},"end":{"line":23,"column":36}}}},"statementMap":{"1":{"start":{"line":12,"column":0},"end":{"line":53,"column":5}},"2":{"start":{"line":14,"column":4},"end":{"line":14,"column":14}},"3":{"start":{"line":19,"column":4},"end":{"line":52,"column":9}},"4":{"start":{"line":21,"column":8},"end":{"line":21,"column":19}},"5":{"start":{"line":23,"column":8},"end":{"line":35,"column":13}},"6":{"start":{"line":24,"column":12},"end":{"line":34,"column":13}},"7":{"start":{"line":25,"column":16},"end":{"line":28,"column":30}},"8":{"start":{"line":30,"column":16},"end":{"line":33,"column":27}},"9":{"start":{"line":37,"column":8},"end":{"line":39,"column":21}},"10":{"start":{"line":41,"column":8},"end":{"line":41,"column":54}},"11":{"start":{"line":43,"column":8},"end":{"line":43,"column":49}},"12":{"start":{"line":45,"column":8},"end":{"line":51,"column":9}},"13":{"start":{"line":46,"column":12},"end":{"line":46,"column":55}},"14":{"start":{"line":48,"column":12},"end":{"line":48,"column":35}},"15":{"start":{"line":49,"column":12},"end":{"line":49,"column":49}},"16":{"start":{"line":50,"column":12},"end":{"line":50,"column":43}}},"branchMap":{"1":{"line":25,"type":"binary-expr","locations":[{"start":{"line":25,"column":23},"end":{"line":25,"column":62}},{"start":{"line":26,"column":20},"end":{"line":26,"column":70}},{"start":{"line":27,"column":20},"end":{"line":27,"column":71}},{"start":{"line":28,"column":20},"end":{"line":28,"column":29}}]},"2":{"line":30,"type":"binary-expr","locations":[{"start":{"line":30,"column":23},"end":{"line":30,"column":37}},{"start":{"line":31,"column":20},"end":{"line":31,"column":61}},{"start":{"line":32,"column":20},"end":{"line":32,"column":70}},{"start":{"line":33,"column":20},"end":{"line":33,"column":26}}]},"3":{"line":37,"type":"cond-expr","locations":[{"start":{"line":38,"column":14},"end":{"line":38,"column":20}},{"start":{"line":39,"column":14},"end":{"line":39,"column":20}}]},"4":{"line":41,"type":"binary-expr","locations":[{"start":{"line":41,"column":16},"end":{"line":41,"column":44}},{"start":{"line":41,"column":48},"end":{"line":41,"column":53}}]},"5":{"line":45,"type":"if","locations":[{"start":{"line":45,"column":8},"end":{"line":45,"column":8}},{"start":{"line":45,"column":8},"end":{"line":45,"column":8}}]}},"code":["/* istanbul instrument in package npmtest_amqp */","/*jslint","    bitwise: true,","    browser: true,","    maxerr: 8,","    maxlen: 96,","    node: true,","    nomen: true,","    regexp: true,","    stupid: true","*/","(function () {","    'use strict';","    var local;","","","","    // run shared js-env code - init-before","    (function () {","        // init local","        local = {};","        // init modeJs","        local.modeJs = (function () {","            try {","                return typeof navigator.userAgent === 'string' &&","                    typeof document.querySelector('body') === 'object' &&","                    typeof XMLHttpRequest.prototype.open === 'function' &&","                    'browser';","            } catch (errorCaughtBrowser) {","                return module.exports &&","                    typeof process.versions.node === 'string' &&","                    typeof require('http').createServer === 'function' &&","                    'node';","            }","        }());","        // init global","        local.global = local.modeJs === 'browser'","            ? window","            : global;","        // init utility2_rollup","        local = local.global.utility2_rollup || local;","        // init lib","        local.local = local.npmtest_amqp = local;","        // init exports","        if (local.modeJs === 'browser') {","            local.global.utility2_npmtest_amqp = local;","        } else {","            module.exports = local;","            module.exports.__dirname = __dirname;","            module.exports.module = module;","        }","    }());","}());",""],"l":{"12":2,"14":2,"19":2,"21":2,"23":2,"24":2,"25":2,"30":1,"37":2,"41":2,"43":2,"45":2,"46":1,"48":1,"49":1,"50":1}},"/home/travis/build/npmtest/node-npmtest-amqp/example.js":{"path":"/home/travis/build/npmtest/node-npmtest-amqp/example.js","s":{"1":2,"2":2,"3":2,"4":2,"5":2,"6":2,"7":2,"8":1,"9":2,"10":2,"11":2,"12":2,"13":1,"14":2,"15":2,"16":2,"17":2,"18":2,"19":0,"20":2,"21":1,"22":1,"23":1,"24":1,"25":1,"26":0,"27":0,"28":1,"29":1,"30":2,"31":0,"32":0,"33":0,"34":1,"35":2,"36":2,"37":3,"38":3,"39":3,"40":3,"41":0,"42":3,"43":3,"44":3,"45":1,"46":3,"47":1,"48":1,"49":1,"50":1,"51":1,"52":1,"53":1,"54":1,"55":1,"56":1,"57":0,"58":1,"59":6,"60":6,"61":1,"62":2,"63":0,"64":2,"65":1,"66":1,"67":0,"68":0,"69":0,"70":0,"71":0,"72":0,"73":0,"74":0,"75":0,"76":0,"77":0,"78":0,"79":0,"80":0,"81":0,"82":0,"83":0},"b":{"1":[2,1,1,1],"2":[1,1,1,1],"3":[1,1],"4":[2,2],"5":[1,1],"6":[1,1],"7":[2,0],"8":[2,1,1,1,1,1],"9":[0,2,0],"10":[1,1],"11":[2,1,1],"12":[1,0],"13":[0,2],"14":[2,0,0,0,0,0,0],"15":[0,3],"16":[3,0],"17":[1,1],"18":[0,1],"19":[1,2,0,2],"20":[1,0],"21":[1,1],"22":[0,0],"23":[0,0],"24":[0,0],"25":[0,0],"26":[0,0],"27":[0,0],"28":[0,0]},"f":{"1":2,"2":2,"3":2,"4":2,"5":2,"6":2,"7":3,"8":3,"9":3,"10":1,"11":6,"12":0},"fnMap":{"1":{"name":"(anonymous_1)","line":26,"loc":{"start":{"line":26,"column":1},"end":{"line":26,"column":13}}},"2":{"name":"(anonymous_2)","line":33,"loc":{"start":{"line":33,"column":5},"end":{"line":33,"column":17}}},"3":{"name":"(anonymous_3)","line":37,"loc":{"start":{"line":37,"column":24},"end":{"line":37,"column":36}}},"4":{"name":"(anonymous_4)","line":69,"loc":{"start":{"line":69,"column":31},"end":{"line":69,"column":48}},"skip":true},"5":{"name":"(anonymous_5)","line":78,"loc":{"start":{"line":78,"column":26},"end":{"line":78,"column":45}},"skip":true},"6":{"name":"(anonymous_6)","line":123,"loc":{"start":{"line":123,"column":33},"end":{"line":123,"column":48}},"skip":true},"7":{"name":"(anonymous_7)","line":125,"loc":{"start":{"line":125,"column":27},"end":{"line":125,"column":39}},"skip":true},"8":{"name":"(anonymous_8)","line":133,"loc":{"start":{"line":133,"column":59},"end":{"line":133,"column":74}},"skip":true},"9":{"name":"(anonymous_9)","line":143,"loc":{"start":{"line":143,"column":45},"end":{"line":143,"column":62}},"skip":true},"10":{"name":"(anonymous_10)","line":144,"loc":{"start":{"line":144,"column":73},"end":{"line":144,"column":92}},"skip":true},"11":{"name":"(anonymous_11)","line":272,"loc":{"start":{"line":272,"column":51},"end":{"line":272,"column":77}},"skip":true},"12":{"name":"(anonymous_12)","line":315,"loc":{"start":{"line":315,"column":32},"end":{"line":315,"column":61}},"skip":true}},"statementMap":{"1":{"start":{"line":26,"column":0},"end":{"line":326,"column":5}},"2":{"start":{"line":28,"column":4},"end":{"line":28,"column":14}},"3":{"start":{"line":33,"column":4},"end":{"line":60,"column":9}},"4":{"start":{"line":35,"column":8},"end":{"line":35,"column":19}},"5":{"start":{"line":37,"column":8},"end":{"line":49,"column":13}},"6":{"start":{"line":38,"column":12},"end":{"line":48,"column":13}},"7":{"start":{"line":39,"column":16},"end":{"line":42,"column":30}},"8":{"start":{"line":44,"column":16},"end":{"line":47,"column":27}},"9":{"start":{"line":51,"column":8},"end":{"line":53,"column":21}},"10":{"start":{"line":55,"column":8},"end":{"line":57,"column":45}},"11":{"start":{"line":59,"column":8},"end":{"line":59,"column":35}},"12":{"start":{"line":61,"column":4},"end":{"line":325,"column":5}},"13":{"start":{"line":69,"column":8},"end":{"line":121,"column":10},"skip":true},"14":{"start":{"line":70,"column":12},"end":{"line":88,"column":13},"skip":true},"15":{"start":{"line":76,"column":16},"end":{"line":87,"column":19},"skip":true},"16":{"start":{"line":79,"column":20},"end":{"line":86,"column":21},"skip":true},"17":{"start":{"line":82,"column":24},"end":{"line":82,"column":43},"skip":true},"18":{"start":{"line":83,"column":24},"end":{"line":83,"column":30},"skip":true},"19":{"start":{"line":85,"column":24},"end":{"line":85,"column":49},"skip":true},"20":{"start":{"line":89,"column":12},"end":{"line":107,"column":13},"skip":true},"21":{"start":{"line":92,"column":16},"end":{"line":102,"column":17},"skip":true},"22":{"start":{"line":93,"column":20},"end":{"line":93,"column":86},"skip":true},"23":{"start":{"line":94,"column":20},"end":{"line":95,"column":45},"skip":true},"24":{"start":{"line":96,"column":20},"end":{"line":96,"column":42},"skip":true},"25":{"start":{"line":97,"column":20},"end":{"line":97,"column":48},"skip":true},"26":{"start":{"line":100,"column":20},"end":{"line":100,"column":85},"skip":true},"27":{"start":{"line":101,"column":20},"end":{"line":101,"column":96},"skip":true},"28":{"start":{"line":103,"column":16},"end":{"line":103,"column":22},"skip":true},"29":{"start":{"line":106,"column":16},"end":{"line":106,"column":22},"skip":true},"30":{"start":{"line":108,"column":12},"end":{"line":120,"column":13},"skip":true},"31":{"start":{"line":114,"column":16},"end":{"line":119,"column":17},"skip":true},"32":{"start":{"line":116,"column":20},"end":{"line":116,"column":78},"skip":true},"33":{"start":{"line":118,"column":20},"end":{"line":118,"column":47},"skip":true},"34":{"start":{"line":123,"column":8},"end":{"line":141,"column":11},"skip":true},"35":{"start":{"line":124,"column":12},"end":{"line":124,"column":54},"skip":true},"36":{"start":{"line":125,"column":12},"end":{"line":140,"column":14},"skip":true},"37":{"start":{"line":126,"column":16},"end":{"line":126,"column":28},"skip":true},"38":{"start":{"line":127,"column":16},"end":{"line":127,"column":69},"skip":true},"39":{"start":{"line":128,"column":16},"end":{"line":128,"column":75},"skip":true},"40":{"start":{"line":129,"column":16},"end":{"line":131,"column":17},"skip":true},"41":{"start":{"line":130,"column":20},"end":{"line":130,"column":27},"skip":true},"42":{"start":{"line":133,"column":16},"end":{"line":137,"column":36},"skip":true},"43":{"start":{"line":134,"column":20},"end":{"line":136,"column":55},"skip":true},"44":{"start":{"line":139,"column":16},"end":{"line":139,"column":57},"skip":true},"45":{"start":{"line":143,"column":8},"end":{"line":147,"column":11},"skip":true},"46":{"start":{"line":144,"column":12},"end":{"line":146,"column":15},"skip":true},"47":{"start":{"line":145,"column":16},"end":{"line":145,"column":70},"skip":true},"48":{"start":{"line":149,"column":8},"end":{"line":149,"column":31},"skip":true},"49":{"start":{"line":150,"column":8},"end":{"line":150,"column":14},"skip":true},"50":{"start":{"line":158,"column":8},"end":{"line":158,"column":31},"skip":true},"51":{"start":{"line":160,"column":8},"end":{"line":160,"column":33},"skip":true},"52":{"start":{"line":161,"column":8},"end":{"line":161,"column":37},"skip":true},"53":{"start":{"line":162,"column":8},"end":{"line":162,"column":35},"skip":true},"54":{"start":{"line":164,"column":8},"end":{"line":164,"column":50},"skip":true},"55":{"start":{"line":166,"column":8},"end":{"line":256,"column":2},"skip":true},"56":{"start":{"line":258,"column":8},"end":{"line":286,"column":9},"skip":true},"57":{"start":{"line":259,"column":12},"end":{"line":269,"column":14},"skip":true},"58":{"start":{"line":271,"column":12},"end":{"line":285,"column":19},"skip":true},"59":{"start":{"line":274,"column":20},"end":{"line":274,"column":35},"skip":true},"60":{"start":{"line":275,"column":20},"end":{"line":284,"column":21},"skip":true},"61":{"start":{"line":277,"column":24},"end":{"line":277,"column":64},"skip":true},"62":{"start":{"line":279,"column":24},"end":{"line":279,"column":40},"skip":true},"63":{"start":{"line":281,"column":24},"end":{"line":281,"column":40},"skip":true},"64":{"start":{"line":283,"column":24},"end":{"line":283,"column":39},"skip":true},"65":{"start":{"line":288,"column":8},"end":{"line":290,"column":9},"skip":true},"66":{"start":{"line":289,"column":12},"end":{"line":289,"column":18},"skip":true},"67":{"start":{"line":291,"column":8},"end":{"line":293,"column":54},"skip":true},"68":{"start":{"line":296,"column":8},"end":{"line":301,"column":37},"skip":true},"69":{"start":{"line":303,"column":8},"end":{"line":303,"column":82},"skip":true},"70":{"start":{"line":306,"column":8},"end":{"line":308,"column":9},"skip":true},"71":{"start":{"line":307,"column":12},"end":{"line":307,"column":82},"skip":true},"72":{"start":{"line":310,"column":8},"end":{"line":312,"column":9},"skip":true},"73":{"start":{"line":311,"column":12},"end":{"line":311,"column":18},"skip":true},"74":{"start":{"line":313,"column":8},"end":{"line":313,"column":54},"skip":true},"75":{"start":{"line":314,"column":8},"end":{"line":314,"column":69},"skip":true},"76":{"start":{"line":315,"column":8},"end":{"line":323,"column":36},"skip":true},"77":{"start":{"line":316,"column":12},"end":{"line":316,"column":61},"skip":true},"78":{"start":{"line":317,"column":12},"end":{"line":320,"column":13},"skip":true},"79":{"start":{"line":318,"column":16},"end":{"line":318,"column":75},"skip":true},"80":{"start":{"line":319,"column":16},"end":{"line":319,"column":23},"skip":true},"81":{"start":{"line":321,"column":12},"end":{"line":321,"column":38},"skip":true},"82":{"start":{"line":322,"column":12},"end":{"line":322,"column":27},"skip":true},"83":{"start":{"line":324,"column":8},"end":{"line":324,"column":14},"skip":true}},"branchMap":{"1":{"line":39,"type":"binary-expr","locations":[{"start":{"line":39,"column":23},"end":{"line":39,"column":62}},{"start":{"line":40,"column":20},"end":{"line":40,"column":70}},{"start":{"line":41,"column":20},"end":{"line":41,"column":71}},{"start":{"line":42,"column":20},"end":{"line":42,"column":29}}]},"2":{"line":44,"type":"binary-expr","locations":[{"start":{"line":44,"column":23},"end":{"line":44,"column":37}},{"start":{"line":45,"column":20},"end":{"line":45,"column":61}},{"start":{"line":46,"column":20},"end":{"line":46,"column":70}},{"start":{"line":47,"column":20},"end":{"line":47,"column":26}}]},"3":{"line":51,"type":"cond-expr","locations":[{"start":{"line":52,"column":14},"end":{"line":52,"column":20}},{"start":{"line":53,"column":14},"end":{"line":53,"column":20}}]},"4":{"line":55,"type":"binary-expr","locations":[{"start":{"line":55,"column":16},"end":{"line":55,"column":44}},{"start":{"line":55,"column":49},"end":{"line":57,"column":43}}]},"5":{"line":55,"type":"cond-expr","locations":[{"start":{"line":56,"column":14},"end":{"line":56,"column":48}},{"start":{"line":57,"column":14},"end":{"line":57,"column":43}}]},"6":{"line":61,"type":"switch","locations":[{"start":{"line":68,"column":4},"end":{"line":150,"column":14},"skip":true},{"start":{"line":156,"column":4},"end":{"line":324,"column":14},"skip":true}]},"7":{"line":70,"type":"if","locations":[{"start":{"line":70,"column":12},"end":{"line":70,"column":12},"skip":true},{"start":{"line":70,"column":12},"end":{"line":70,"column":12},"skip":true}]},"8":{"line":70,"type":"binary-expr","locations":[{"start":{"line":70,"column":16},"end":{"line":70,"column":22},"skip":true},{"start":{"line":70,"column":27},"end":{"line":70,"column":32},"skip":true},{"start":{"line":71,"column":20},"end":{"line":71,"column":39},"skip":true},{"start":{"line":72,"column":20},"end":{"line":72,"column":49},"skip":true},{"start":{"line":73,"column":20},"end":{"line":73,"column":58},"skip":true},{"start":{"line":74,"column":20},"end":{"line":74,"column":69},"skip":true}]},"9":{"line":79,"type":"switch","locations":[{"start":{"line":80,"column":20},"end":{"line":80,"column":33},"skip":true},{"start":{"line":81,"column":20},"end":{"line":83,"column":30},"skip":true},{"start":{"line":84,"column":20},"end":{"line":85,"column":49},"skip":true}]},"10":{"line":89,"type":"switch","locations":[{"start":{"line":90,"column":12},"end":{"line":103,"column":22},"skip":true},{"start":{"line":105,"column":12},"end":{"line":106,"column":22},"skip":true}]},"11":{"line":89,"type":"binary-expr","locations":[{"start":{"line":89,"column":20},"end":{"line":89,"column":25},"skip":true},{"start":{"line":89,"column":29},"end":{"line":89,"column":48},"skip":true},{"start":{"line":89,"column":52},"end":{"line":89,"column":74},"skip":true}]},"12":{"line":92,"type":"if","locations":[{"start":{"line":92,"column":16},"end":{"line":92,"column":16},"skip":true},{"start":{"line":92,"column":16},"end":{"line":92,"column":16},"skip":true}]},"13":{"line":108,"type":"if","locations":[{"start":{"line":108,"column":12},"end":{"line":108,"column":12},"skip":true},{"start":{"line":108,"column":12},"end":{"line":108,"column":12},"skip":true}]},"14":{"line":108,"type":"binary-expr","locations":[{"start":{"line":108,"column":16},"end":{"line":108,"column":61},"skip":true},{"start":{"line":108,"column":66},"end":{"line":108,"column":72},"skip":true},{"start":{"line":108,"column":77},"end":{"line":108,"column":82},"skip":true},{"start":{"line":109,"column":20},"end":{"line":109,"column":39},"skip":true},{"start":{"line":110,"column":20},"end":{"line":110,"column":49},"skip":true},{"start":{"line":111,"column":20},"end":{"line":111,"column":58},"skip":true},{"start":{"line":112,"column":20},"end":{"line":112,"column":68},"skip":true}]},"15":{"line":129,"type":"if","locations":[{"start":{"line":129,"column":16},"end":{"line":129,"column":16},"skip":true},{"start":{"line":129,"column":16},"end":{"line":129,"column":16},"skip":true}]},"16":{"line":134,"type":"cond-expr","locations":[{"start":{"line":135,"column":26},"end":{"line":135,"column":29},"skip":true},{"start":{"line":136,"column":26},"end":{"line":136,"column":54},"skip":true}]},"17":{"line":164,"type":"binary-expr","locations":[{"start":{"line":164,"column":27},"end":{"line":164,"column":43},"skip":true},{"start":{"line":164,"column":47},"end":{"line":164,"column":49},"skip":true}]},"18":{"line":258,"type":"if","locations":[{"start":{"line":258,"column":8},"end":{"line":258,"column":8},"skip":true},{"start":{"line":258,"column":8},"end":{"line":258,"column":8},"skip":true}]},"19":{"line":275,"type":"switch","locations":[{"start":{"line":276,"column":20},"end":{"line":277,"column":64},"skip":true},{"start":{"line":278,"column":20},"end":{"line":279,"column":40},"skip":true},{"start":{"line":280,"column":20},"end":{"line":281,"column":40},"skip":true},{"start":{"line":282,"column":20},"end":{"line":283,"column":39},"skip":true}]},"20":{"line":288,"type":"if","locations":[{"start":{"line":288,"column":8},"end":{"line":288,"column":8},"skip":true},{"start":{"line":288,"column":8},"end":{"line":288,"column":8},"skip":true}]},"21":{"line":288,"type":"binary-expr","locations":[{"start":{"line":288,"column":12},"end":{"line":288,"column":40},"skip":true},{"start":{"line":288,"column":44},"end":{"line":288,"column":67},"skip":true}]},"22":{"line":292,"type":"binary-expr","locations":[{"start":{"line":292,"column":12},"end":{"line":292,"column":50},"skip":true},{"start":{"line":293,"column":12},"end":{"line":293,"column":53},"skip":true}]},"23":{"line":297,"type":"binary-expr","locations":[{"start":{"line":297,"column":12},"end":{"line":297,"column":62},"skip":true},{"start":{"line":298,"column":12},"end":{"line":301,"column":36},"skip":true}]},"24":{"line":303,"type":"binary-expr","locations":[{"start":{"line":303,"column":43},"end":{"line":303,"column":75},"skip":true},{"start":{"line":303,"column":79},"end":{"line":303,"column":81},"skip":true}]},"25":{"line":306,"type":"if","locations":[{"start":{"line":306,"column":8},"end":{"line":306,"column":8},"skip":true},{"start":{"line":306,"column":8},"end":{"line":306,"column":8},"skip":true}]},"26":{"line":310,"type":"if","locations":[{"start":{"line":310,"column":8},"end":{"line":310,"column":8},"skip":true},{"start":{"line":310,"column":8},"end":{"line":310,"column":8},"skip":true}]},"27":{"line":313,"type":"binary-expr","locations":[{"start":{"line":313,"column":27},"end":{"line":313,"column":43},"skip":true},{"start":{"line":313,"column":47},"end":{"line":313,"column":53},"skip":true}]},"28":{"line":317,"type":"if","locations":[{"start":{"line":317,"column":12},"end":{"line":317,"column":12},"skip":true},{"start":{"line":317,"column":12},"end":{"line":317,"column":12},"skip":true}]}},"code":["/*","example.js","","quickstart example","","instruction","    1. save this script as example.js","    2. run the shell command:","        $ npm install npmtest-amqp && PORT=8081 node example.js","    3. play with the browser-demo on http://127.0.0.1:8081","*/","","","","/* istanbul instrument in package npmtest_amqp */","/*jslint","    bitwise: true,","    browser: true,","    maxerr: 8,","    maxlen: 96,","    node: true,","    nomen: true,","    regexp: true,","    stupid: true","*/","(function () {","    'use strict';","    var local;","","","","    // run shared js-env code - init-before","    (function () {","        // init local","        local = {};","        // init modeJs","        local.modeJs = (function () {","            try {","                return typeof navigator.userAgent === 'string' &&","                    typeof document.querySelector('body') === 'object' &&","                    typeof XMLHttpRequest.prototype.open === 'function' &&","                    'browser';","            } catch (errorCaughtBrowser) {","                return module.exports &&","                    typeof process.versions.node === 'string' &&","                    typeof require('http').createServer === 'function' &&","                    'node';","            }","        }());","        // init global","        local.global = local.modeJs === 'browser'","            ? window","            : global;","        // init utility2_rollup","        local = local.global.utility2_rollup || (local.modeJs === 'browser'","            ? local.global.utility2_npmtest_amqp","            : global.utility2_moduleExports);","        // export local","        local.global.local = local;","    }());","    switch (local.modeJs) {","","","","    // init-after","    // run browser js-env code - init-after","    /* istanbul ignore next */","    case 'browser':","        local.testRunBrowser = function (event) {","            if (!event || (event &&","                    event.currentTarget &&","                    event.currentTarget.className &&","                    event.currentTarget.className.includes &&","                    event.currentTarget.className.includes('onreset'))) {","                // reset output","                Array.from(","                    document.querySelectorAll('body > .resettable')","                ).forEach(function (element) {","                    switch (element.tagName) {","                    case 'INPUT':","                    case 'TEXTAREA':","                        element.value = '';","                        break;","                    default:","                        element.textContent = '';","                    }","                });","            }","            switch (event && event.currentTarget && event.currentTarget.id) {","            case 'testRunButton1':","                // show tests","                if (document.querySelector('#testReportDiv1').style.display === 'none') {","                    document.querySelector('#testReportDiv1').style.display = 'block';","                    document.querySelector('#testRunButton1').textContent =","                        'hide internal test';","                    local.modeTest = true;","                    local.testRunDefault(local);","                // hide tests","                } else {","                    document.querySelector('#testReportDiv1').style.display = 'none';","                    document.querySelector('#testRunButton1').textContent = 'run internal test';","                }","                break;","            // custom-case","            default:","                break;","            }","            if (document.querySelector('#inputTextareaEval1') && (!event || (event &&","                    event.currentTarget &&","                    event.currentTarget.className &&","                    event.currentTarget.className.includes &&","                    event.currentTarget.className.includes('oneval')))) {","                // try to eval input-code","                try {","                    /*jslint evil: true*/","                    eval(document.querySelector('#inputTextareaEval1').value);","                } catch (errorCaught) {","                    console.error(errorCaught);","                }","            }","        };","        // log stderr and stdout to #outputTextareaStdout1","        ['error', 'log'].forEach(function (key) {","            console[key + '_original'] = console[key];","            console[key] = function () {","                var element;","                console[key + '_original'].apply(console, arguments);","                element = document.querySelector('#outputTextareaStdout1');","                if (!element) {","                    return;","                }","                // append text to #outputTextareaStdout1","                element.value += Array.from(arguments).map(function (arg) {","                    return typeof arg === 'string'","                        ? arg","                        : JSON.stringify(arg, null, 4);","                }).join(' ') + '\\n';","                // scroll textarea to bottom","                element.scrollTop = element.scrollHeight;","            };","        });","        // init event-handling","        ['change', 'click', 'keyup'].forEach(function (event) {","            Array.from(document.querySelectorAll('.on' + event)).forEach(function (element) {","                element.addEventListener(event, local.testRunBrowser);","            });","        });","        // run tests","        local.testRunBrowser();","        break;","","","","    // run node js-env code - init-after","    /* istanbul ignore next */","    case 'node':","        // export local","        module.exports = local;","        // require modules","        local.fs = require('fs');","        local.http = require('http');","        local.url = require('url');","        // init assets","        local.assetsDict = local.assetsDict || {};","        /* jslint-ignore-begin */","        local.assetsDict['/assets.index.template.html'] = '\\","<!doctype html>\\n\\","<html lang=\"en\">\\n\\","<head>\\n\\","<meta charset=\"UTF-8\">\\n\\","<meta name=\"viewport\" content=\"width=device-width, initial-scale=1\">\\n\\","<title>{{env.npm_package_name}} (v{{env.npm_package_version}})</title>\\n\\","<style>\\n\\","/*csslint\\n\\","    box-sizing: false,\\n\\","    universal-selector: false\\n\\","*/\\n\\","* {\\n\\","    box-sizing: border-box;\\n\\","}\\n\\","body {\\n\\","    background: #dde;\\n\\","    font-family: Arial, Helvetica, sans-serif;\\n\\","    margin: 2rem;\\n\\","}\\n\\","body > * {\\n\\","    margin-bottom: 1rem;\\n\\","}\\n\\",".utility2FooterDiv {\\n\\","    margin-top: 20px;\\n\\","    text-align: center;\\n\\","}\\n\\","</style>\\n\\","<style>\\n\\","/*csslint\\n\\","*/\\n\\","textarea {\\n\\","    font-family: monospace;\\n\\","    height: 10rem;\\n\\","    width: 100%;\\n\\","}\\n\\","textarea[readonly] {\\n\\","    background: #ddd;\\n\\","}\\n\\","</style>\\n\\","</head>\\n\\","<body>\\n\\","<!-- utility2-comment\\n\\","<div id=\"ajaxProgressDiv1\" style=\"background: #d00; height: 2px; left: 0; margin: 0; padding: 0; position: fixed; top: 0; transition: background 0.5s, width 1.5s; width: 25%;\"></div>\\n\\","utility2-comment -->\\n\\","<h1>\\n\\","<!-- utility2-comment\\n\\","    <a\\n\\","        {{#if env.npm_package_homepage}}\\n\\","        href=\"{{env.npm_package_homepage}}\"\\n\\","        {{/if env.npm_package_homepage}}\\n\\","        target=\"_blank\"\\n\\","    >\\n\\","utility2-comment -->\\n\\","        {{env.npm_package_name}} (v{{env.npm_package_version}})\\n\\","<!-- utility2-comment\\n\\","    </a>\\n\\","utility2-comment -->\\n\\","</h1>\\n\\","<h3>{{env.npm_package_description}}</h3>\\n\\","<!-- utility2-comment\\n\\","<h4><a download href=\"assets.app.js\">download standalone app</a></h4>\\n\\","<button class=\"onclick onreset\" id=\"testRunButton1\">run internal test</button><br>\\n\\","<div id=\"testReportDiv1\" style=\"display: none;\"></div>\\n\\","utility2-comment -->\\n\\","\\n\\","\\n\\","\\n\\","<label>stderr and stdout</label>\\n\\","<textarea class=\"resettable\" id=\"outputTextareaStdout1\" readonly></textarea>\\n\\","<!-- utility2-comment\\n\\","{{#if isRollup}}\\n\\","<script src=\"assets.app.js\"></script>\\n\\","{{#unless isRollup}}\\n\\","utility2-comment -->\\n\\","<script src=\"assets.utility2.rollup.js\"></script>\\n\\","<script src=\"jsonp.utility2._stateInit?callback=window.utility2._stateInit\"></script>\\n\\","<script src=\"assets.npmtest_amqp.rollup.js\"></script>\\n\\","<script src=\"assets.example.js\"></script>\\n\\","<script src=\"assets.test.js\"></script>\\n\\","<!-- utility2-comment\\n\\","{{/if isRollup}}\\n\\","utility2-comment -->\\n\\","<div class=\"utility2FooterDiv\">\\n\\","    [ this app was created with\\n\\","    <a href=\"https://github.com/kaizhu256/node-utility2\" target=\"_blank\">utility2</a>\\n\\","    ]\\n\\","</div>\\n\\","</body>\\n\\","</html>\\n\\","';","        /* jslint-ignore-end */","        if (local.templateRender) {","            local.assetsDict['/'] = local.templateRender(","                local.assetsDict['/assets.index.template.html'],","                {","                    env: local.objectSetDefault(local.env, {","                        npm_package_description: 'the greatest app in the world!',","                        npm_package_name: 'my-app',","                        npm_package_nameAlias: 'my_app',","                        npm_package_version: '0.0.1'","                    })","                }","            );","        } else {","            local.assetsDict['/'] = local.assetsDict['/assets.index.template.html']","                .replace((/\\{\\{env\\.(\\w+?)\\}\\}/g), function (match0, match1) {","                    // jslint-hack","                    String(match0);","                    switch (match1) {","                    case 'npm_package_description':","                        return 'the greatest app in the world!';","                    case 'npm_package_name':","                        return 'my-app';","                    case 'npm_package_nameAlias':","                        return 'my_app';","                    case 'npm_package_version':","                        return '0.0.1';","                    }","                });","        }","        // run the cli","        if (local.global.utility2_rollup || module !== require.main) {","            break;","        }","        local.assetsDict['/assets.example.js'] =","            local.assetsDict['/assets.example.js'] ||","            local.fs.readFileSync(__filename, 'utf8');","        // bug-workaround - long $npm_package_buildCustomOrg","        /* jslint-ignore-begin */","        local.assetsDict['/assets.npmtest_amqp.rollup.js'] =","            local.assetsDict['/assets.npmtest_amqp.rollup.js'] ||","            local.fs.readFileSync(","                local.npmtest_amqp.__dirname + '/lib.npmtest_amqp.js',","                'utf8'","            ).replace((/^#!/), '//');","        /* jslint-ignore-end */","        local.assetsDict['/favicon.ico'] = local.assetsDict['/favicon.ico'] || '';","        // if $npm_config_timeout_exit exists,","        // then exit this process after $npm_config_timeout_exit ms","        if (Number(process.env.npm_config_timeout_exit)) {","            setTimeout(process.exit, Number(process.env.npm_config_timeout_exit));","        }","        // start server","        if (local.global.utility2_serverHttp1) {","            break;","        }","        process.env.PORT = process.env.PORT || '8081';","        console.error('server starting on port ' + process.env.PORT);","        local.http.createServer(function (request, response) {","            request.urlParsed = local.url.parse(request.url);","            if (local.assetsDict[request.urlParsed.pathname] !== undefined) {","                response.end(local.assetsDict[request.urlParsed.pathname]);","                return;","            }","            response.statusCode = 404;","            response.end();","        }).listen(process.env.PORT);","        break;","    }","}());",""],"l":{"26":2,"28":2,"33":2,"35":2,"37":2,"38":2,"39":2,"44":1,"51":2,"55":2,"59":2,"61":2,"69":1,"70":2,"76":2,"79":2,"82":2,"83":2,"85":1,"89":2,"92":1,"93":1,"94":1,"96":1,"97":1,"100":1,"101":1,"103":1,"106":1,"108":2,"114":1,"116":1,"118":1,"123":1,"124":2,"125":2,"126":3,"127":3,"128":3,"129":3,"130":1,"133":3,"134":3,"139":3,"143":1,"144":3,"145":1,"149":1,"150":1,"158":1,"160":1,"161":1,"162":1,"164":1,"166":1,"258":1,"259":1,"271":1,"274":6,"275":6,"277":1,"279":2,"281":1,"283":2,"288":1,"289":1,"291":1,"296":1,"303":1,"306":1,"307":1,"310":1,"311":1,"313":1,"314":1,"315":1,"316":1,"317":1,"318":1,"319":1,"321":1,"322":1,"324":1}},"/home/travis/build/npmtest/node-npmtest-amqp/node_modules/amqp/amqp.js":{"path":"/home/travis/build/npmtest/node-npmtest-amqp/node_modules/amqp/amqp.js","s":{"1":1,"2":1,"3":2,"4":2,"5":2},"b":{},"f":{"1":2},"fnMap":{"1":{"name":"(anonymous_1)","line":6,"loc":{"start":{"line":6,"column":20},"end":{"line":6,"column":67}}}},"statementMap":{"1":{"start":{"line":2,"column":0},"end":{"line":2,"column":45}},"2":{"start":{"line":4,"column":0},"end":{"line":11,"column":2}},"3":{"start":{"line":7,"column":4},"end":{"line":7,"column":64}},"4":{"start":{"line":8,"column":4},"end":{"line":8,"column":16}},"5":{"start":{"line":9,"column":4},"end":{"line":9,"column":13}}},"branchMap":{},"code":["'use strict';","var Connection = require('./lib/connection');","    ","module.exports = {","  Connection: Connection,","  createConnection: function (options, implOptions, readyCallback) {","    var c = new Connection(options, implOptions, readyCallback);","    c.connect();","    return c;","  }","};",""],"l":{"2":1,"4":1,"7":2,"8":2,"9":2}},"/home/travis/build/npmtest/node-npmtest-amqp/node_modules/amqp/lib/connection.js":{"path":"/home/travis/build/npmtest/node-npmtest-amqp/node_modules/amqp/lib/connection.js","s":{"1":1,"2":1,"3":1,"4":1,"5":1,"6":1,"7":1,"8":1,"9":1,"10":1,"11":1,"12":1,"13":1,"14":1,"15":1,"16":1,"17":1,"18":1,"19":1,"20":1,"21":1,"22":1,"23":1,"24":1,"25":1,"26":2,"27":2,"28":2,"29":2,"30":0,"31":2,"32":2,"33":2,"34":2,"35":2,"36":2,"37":1,"38":1,"39":2,"40":2,"41":2,"42":2,"43":1,"44":2,"45":1,"46":26,"47":2,"48":26,"49":26,"50":1,"51":24,"52":0,"53":24,"54":24,"55":24,"56":24,"57":1,"58":0,"59":0,"60":1,"61":2,"62":2,"63":2,"64":0,"65":0,"66":0,"67":0,"68":0,"69":0,"70":0,"71":0,"72":0,"73":0,"74":0,"75":0,"76":0,"77":0,"78":0,"79":0,"80":0,"81":0,"82":0,"83":0,"84":0,"85":0,"86":0,"87":2,"88":0,"89":0,"90":0,"91":0,"92":0,"93":0,"94":2,"95":2,"96":26,"97":2,"98":2,"99":26,"100":2,"101":2,"102":26,"103":26,"104":26,"105":26,"106":26,"107":0,"108":0,"109":26,"110":0,"111":0,"112":26,"113":26,"114":2,"115":24,"116":0,"117":0,"118":0,"119":24,"120":26,"121":24,"122":24,"123":0,"124":2,"125":0,"126":0,"127":0,"128":0,"129":0,"130":0,"131":0,"132":2,"133":0,"134":0,"135":1,"136":0,"137":0,"138":1,"139":0,"140":0,"141":0,"142":0,"143":0,"144":0,"145":0,"146":0,"147":0,"148":0,"149":0,"150":0,"151":0,"152":0,"153":1,"154":0,"155":0,"156":1,"157":0,"158":0,"159":0,"160":0,"161":0,"162":0,"163":0,"164":0,"165":0,"166":0,"167":0,"168":0,"169":1,"170":0,"171":0,"172":1,"173":0,"174":0,"175":0,"176":0,"177":0,"178":0,"179":0,"180":1,"181":0,"182":0,"183":0,"184":0,"185":0,"186":0,"187":0,"188":0,"189":1,"190":0,"191":0,"192":0,"193":0,"194":0,"195":0,"196":0,"197":0,"198":0,"199":1,"200":0,"201":0,"202":0,"203":0,"204":0,"205":0,"206":0,"207":0,"208":1,"209":0,"210":0,"211":0,"212":0,"213":0,"214":0,"215":0,"216":0,"217":0,"218":0,"219":0,"220":1,"221":0,"222":0,"223":0,"224":0,"225":0,"226":0,"227":0,"228":0,"229":0,"230":0,"231":0,"232":0,"233":0,"234":0,"235":0,"236":0,"237":0,"238":0,"239":0,"240":0,"241":0,"242":0,"243":0,"244":0,"245":0,"246":0,"247":0,"248":0,"249":0,"250":0,"251":0,"252":0,"253":0,"254":0,"255":0,"256":0,"257":0,"258":0,"259":0,"260":0,"261":0,"262":0,"263":0,"264":0,"265":0,"266":0,"267":0,"268":0,"269":0,"270":0,"271":0,"272":0,"273":0,"274":1,"275":0,"276":0,"277":0,"278":0,"279":0,"280":0,"281":0,"282":0,"283":0,"284":0,"285":0,"286":0,"287":0,"288":0,"289":0,"290":0,"291":1,"292":26,"293":0,"294":0,"295":0,"296":0,"297":0,"298":0,"299":26,"300":1,"301":26,"302":26,"303":26,"304":0,"305":0,"306":26,"307":26,"308":26,"309":0,"310":0,"311":26,"312":0,"313":0,"314":0,"315":26,"316":26,"317":26,"318":26,"319":26,"320":26,"321":0,"322":0,"323":0,"324":0,"325":0,"326":26,"327":26,"328":26,"329":208,"330":26,"331":26,"332":208,"333":26,"334":1,"335":0,"336":0,"337":0,"338":0,"339":0,"340":0,"341":0,"342":0,"343":0,"344":1,"345":0,"346":0,"347":0,"348":0,"349":0,"350":0,"351":0,"352":0,"353":0,"354":0,"355":0,"356":0,"357":0,"358":0,"359":0,"360":0,"361":0,"362":1,"363":26,"364":26,"365":1,"366":0,"367":0,"368":0,"369":0,"370":0,"371":0,"372":0,"373":0,"374":0,"375":0,"376":0,"377":0,"378":0,"379":0,"380":0,"381":0,"382":0,"383":0,"384":0,"385":0,"386":0,"387":0,"388":1,"389":0,"390":0,"391":0,"392":0,"393":0,"394":0,"395":0,"396":0,"397":0,"398":0,"399":0,"400":0,"401":0,"402":0,"403":0,"404":0,"405":0,"406":0,"407":0,"408":0,"409":0,"410":0,"411":0,"412":0,"413":0,"414":0,"415":1,"416":0,"417":0,"418":0,"419":0,"420":0,"421":0,"422":0,"423":0,"424":0,"425":0,"426":0,"427":0,"428":0,"429":0,"430":0,"431":0,"432":0,"433":0,"434":0,"435":0,"436":0,"437":1,"438":0,"439":0,"440":0,"441":0,"442":0,"443":0,"444":0,"445":0,"446":0},"b":{"1":[0,2],"2":[0,2],"3":[2,2],"4":[0,2],"5":[2,2,0],"6":[2,0],"7":[2,2,2],"8":[2,2],"9":[2,24],"10":[24,0],"11":[24,0],"12":[0,0],"13":[0,2],"14":[0,0],"15":[0,0],"16":[0,0],"17":[0,0],"18":[0,0],"19":[0,0],"20":[0,0],"21":[0,0],"22":[0,0],"23":[0,0],"24":[0,0],"25":[0,0],"26":[0,0],"27":[2,24],"28":[2,24],"29":[26,0],"30":[0,0],"31":[26,0],"32":[2,24],"33":[0,24],"34":[0,0],"35":[24,0],"36":[0,0],"37":[0,0],"38":[0,0],"39":[0,0],"40":[0,0],"41":[0,0],"42":[0,0],"43":[0,0],"44":[0,0],"45":[0,0],"46":[0,0],"47":[0,0],"48":[0,0],"49":[0,0],"50":[0,0],"51":[0,0],"52":[0,0],"53":[0,0],"54":[0,0],"55":[0,0],"56":[0,0],"57":[0,0],"58":[0,0],"59":[0,0],"60":[0,0],"61":[0,0],"62":[0,0],"63":[0,0],"64":[0,0],"65":[0,0],"66":[0,0],"67":[0,0],"68":[0,0,0,0,0,0,0,0],"69":[0,0],"70":[0,0],"71":[0,0],"72":[0,0],"73":[0,0],"74":[0,0],"75":[0,0],"76":[0,0],"77":[0,0],"78":[0,0],"79":[0,0],"80":[0,0],"81":[0,0],"82":[0,0],"83":[0,0],"84":[0,0],"85":[0,0],"86":[0,0],"87":[0,0],"88":[0,26],"89":[0,0],"90":[0,0],"91":[0,0],"92":[0,26],"93":[26,26],"94":[0,0],"95":[0,26],"96":[0,0],"97":[26,0],"98":[26,0],"99":[26,0],"100":[0,0],"101":[0,0],"102":[0,0],"103":[0,0],"104":[0,0],"105":[0,0],"106":[0,0],"107":[0,0],"108":[0,0],"109":[0,0],"110":[26,0],"111":[0,0],"112":[0,0],"113":[0,0],"114":[0,0],"115":[0,0],"116":[0,0],"117":[0,0],"118":[0,0]},"f":{"1":2,"2":2,"3":2,"4":26,"5":24,"6":0,"7":2,"8":0,"9":0,"10":0,"11":0,"12":0,"13":0,"14":0,"15":26,"16":24,"17":0,"18":0,"19":0,"20":0,"21":0,"22":0,"23":0,"24":0,"25":0,"26":0,"27":0,"28":0,"29":0,"30":0,"31":0,"32":0,"33":0,"34":0,"35":26,"36":26,"37":0,"38":0,"39":208,"40":208,"41":26,"42":0,"43":0,"44":0,"45":26,"46":0,"47":0,"48":0,"49":0},"fnMap":{"1":{"name":"Connection","line":59,"loc":{"start":{"line":59,"column":34},"end":{"line":59,"column":95}}},"2":{"name":"(anonymous_2)","line":80,"loc":{"start":{"line":80,"column":34},"end":{"line":80,"column":53}}},"3":{"name":"(anonymous_3)","line":87,"loc":{"start":{"line":87,"column":38},"end":{"line":87,"column":57}}},"4":{"name":"(anonymous_4)","line":91,"loc":{"start":{"line":91,"column":31},"end":{"line":91,"column":43}}},"5":{"name":"(anonymous_5)","line":99,"loc":{"start":{"line":99,"column":33},"end":{"line":99,"column":45}}},"6":{"name":"(anonymous_6)","line":110,"loc":{"start":{"line":110,"column":34},"end":{"line":110,"column":46}}},"7":{"name":"(anonymous_7)","line":120,"loc":{"start":{"line":120,"column":39},"end":{"line":120,"column":50}}},"8":{"name":"(anonymous_8)","line":125,"loc":{"start":{"line":125,"column":33},"end":{"line":125,"column":44}}},"9":{"name":"(anonymous_9)","line":135,"loc":{"start":{"line":135,"column":27},"end":{"line":135,"column":60}}},"10":{"name":"(anonymous_10)","line":139,"loc":{"start":{"line":139,"column":28},"end":{"line":139,"column":53}}},"11":{"name":"(anonymous_11)","line":148,"loc":{"start":{"line":148,"column":34},"end":{"line":148,"column":90}}},"12":{"name":"(anonymous_12)","line":157,"loc":{"start":{"line":157,"column":30},"end":{"line":157,"column":42}}},"13":{"name":"(anonymous_13)","line":162,"loc":{"start":{"line":162,"column":26},"end":{"line":162,"column":39}}},"14":{"name":"(anonymous_14)","line":171,"loc":{"start":{"line":171,"column":27},"end":{"line":171,"column":43}}},"15":{"name":"backoff","line":184,"loc":{"start":{"line":184,"column":28},"end":{"line":184,"column":48}}},"16":{"name":"(anonymous_16)","line":246,"loc":{"start":{"line":246,"column":19},"end":{"line":246,"column":31}}},"17":{"name":"(anonymous_17)","line":258,"loc":{"start":{"line":258,"column":28},"end":{"line":258,"column":40}}},"18":{"name":"(anonymous_18)","line":264,"loc":{"start":{"line":264,"column":31},"end":{"line":264,"column":56}}},"19":{"name":"(anonymous_19)","line":281,"loc":{"start":{"line":281,"column":26},"end":{"line":281,"column":37}}},"20":{"name":"(anonymous_20)","line":290,"loc":{"start":{"line":290,"column":33},"end":{"line":290,"column":45}}},"21":{"name":"(anonymous_21)","line":300,"loc":{"start":{"line":300,"column":32},"end":{"line":300,"column":71}}},"22":{"name":"(anonymous_22)","line":319,"loc":{"start":{"line":319,"column":38},"end":{"line":319,"column":54}}},"23":{"name":"(anonymous_23)","line":328,"loc":{"start":{"line":328,"column":29},"end":{"line":328,"column":73}}},"24":{"name":"(anonymous_24)","line":350,"loc":{"start":{"line":350,"column":35},"end":{"line":350,"column":51}}},"25":{"name":"(anonymous_25)","line":355,"loc":{"start":{"line":355,"column":31},"end":{"line":355,"column":78}}},"26":{"name":"(anonymous_26)","line":364,"loc":{"start":{"line":364,"column":26},"end":{"line":364,"column":37}}},"27":{"name":"(anonymous_27)","line":370,"loc":{"start":{"line":370,"column":37},"end":{"line":370,"column":53}}},"28":{"name":"(anonymous_28)","line":391,"loc":{"start":{"line":391,"column":51},"end":{"line":391,"column":63}}},"29":{"name":"(anonymous_29)","line":399,"loc":{"start":{"line":399,"column":45},"end":{"line":399,"column":57}}},"30":{"name":"(anonymous_30)","line":407,"loc":{"start":{"line":407,"column":52},"end":{"line":407,"column":64}}},"31":{"name":"(anonymous_31)","line":414,"loc":{"start":{"line":414,"column":46},"end":{"line":414,"column":58}}},"32":{"name":"(anonymous_32)","line":421,"loc":{"start":{"line":421,"column":37},"end":{"line":421,"column":49}}},"33":{"name":"(anonymous_33)","line":440,"loc":{"start":{"line":440,"column":33},"end":{"line":440,"column":66}}},"34":{"name":"(anonymous_34)","line":555,"loc":{"start":{"line":555,"column":40},"end":{"line":555,"column":67}}},"35":{"name":"(anonymous_35)","line":585,"loc":{"start":{"line":585,"column":35},"end":{"line":585,"column":46}}},"36":{"name":"(anonymous_36)","line":605,"loc":{"start":{"line":605,"column":37},"end":{"line":605,"column":48}}},"37":{"name":"(anonymous_37)","line":622,"loc":{"start":{"line":622,"column":31},"end":{"line":622,"column":43}}},"38":{"name":"(anonymous_38)","line":639,"loc":{"start":{"line":639,"column":40},"end":{"line":639,"column":52}}},"39":{"name":"(anonymous_39)","line":653,"loc":{"start":{"line":653,"column":20},"end":{"line":653,"column":35}}},"40":{"name":"(anonymous_40)","line":659,"loc":{"start":{"line":659,"column":21},"end":{"line":659,"column":37}}},"41":{"name":"(anonymous_41)","line":660,"loc":{"start":{"line":660,"column":19},"end":{"line":660,"column":29}}},"42":{"name":"(anonymous_42)","line":666,"loc":{"start":{"line":666,"column":27},"end":{"line":666,"column":38}}},"43":{"name":"(anonymous_43)","line":684,"loc":{"start":{"line":684,"column":38},"end":{"line":684,"column":49}}},"44":{"name":"(anonymous_44)","line":699,"loc":{"start":{"line":699,"column":65},"end":{"line":699,"column":76}}},"45":{"name":"(anonymous_45)","line":715,"loc":{"start":{"line":715,"column":39},"end":{"line":715,"column":50}}},"46":{"name":"(anonymous_46)","line":726,"loc":{"start":{"line":726,"column":33},"end":{"line":726,"column":70}}},"47":{"name":"(anonymous_47)","line":775,"loc":{"start":{"line":775,"column":35},"end":{"line":775,"column":71}}},"48":{"name":"(anonymous_48)","line":831,"loc":{"start":{"line":831,"column":35},"end":{"line":831,"column":68}}},"49":{"name":"(anonymous_49)","line":872,"loc":{"start":{"line":872,"column":41},"end":{"line":872,"column":53}}}},"statementMap":{"1":{"start":{"line":2,"column":0},"end":{"line":2,"column":25}},"2":{"start":{"line":3,"column":0},"end":{"line":3,"column":25}},"3":{"start":{"line":4,"column":0},"end":{"line":4,"column":23}},"4":{"start":{"line":5,"column":0},"end":{"line":5,"column":25}},"5":{"start":{"line":6,"column":0},"end":{"line":6,"column":26}},"6":{"start":{"line":7,"column":0},"end":{"line":7,"column":31}},"7":{"start":{"line":8,"column":0},"end":{"line":8,"column":50}},"8":{"start":{"line":9,"column":0},"end":{"line":9,"column":27}},"9":{"start":{"line":10,"column":0},"end":{"line":10,"column":41}},"10":{"start":{"line":11,"column":0},"end":{"line":11,"column":43}},"11":{"start":{"line":12,"column":0},"end":{"line":12,"column":34}},"12":{"start":{"line":13,"column":0},"end":{"line":13,"column":42}},"13":{"start":{"line":14,"column":0},"end":{"line":14,"column":34}},"14":{"start":{"line":15,"column":0},"end":{"line":15,"column":37}},"15":{"start":{"line":16,"column":0},"end":{"line":16,"column":31}},"16":{"start":{"line":17,"column":0},"end":{"line":17,"column":37}},"17":{"start":{"line":18,"column":0},"end":{"line":18,"column":52}},"18":{"start":{"line":20,"column":0},"end":{"line":20,"column":28}},"19":{"start":{"line":22,"column":0},"end":{"line":22,"column":23}},"20":{"start":{"line":23,"column":0},"end":{"line":23,"column":51}},"21":{"start":{"line":25,"column":0},"end":{"line":36,"column":2}},"22":{"start":{"line":38,"column":0},"end":{"line":43,"column":2}},"23":{"start":{"line":45,"column":0},"end":{"line":51,"column":2}},"24":{"start":{"line":53,"column":0},"end":{"line":57,"column":2}},"25":{"start":{"line":59,"column":0},"end":{"line":75,"column":2}},"26":{"start":{"line":60,"column":2},"end":{"line":60,"column":26}},"27":{"start":{"line":61,"column":2},"end":{"line":61,"column":34}},"28":{"start":{"line":62,"column":2},"end":{"line":62,"column":31}},"29":{"start":{"line":64,"column":2},"end":{"line":66,"column":3}},"30":{"start":{"line":65,"column":4},"end":{"line":65,"column":40}},"31":{"start":{"line":68,"column":2},"end":{"line":68,"column":42}},"32":{"start":{"line":69,"column":2},"end":{"line":69,"column":31}},"33":{"start":{"line":70,"column":2},"end":{"line":70,"column":26}},"34":{"start":{"line":71,"column":2},"end":{"line":71,"column":48}},"35":{"start":{"line":73,"column":2},"end":{"line":73,"column":24}},"36":{"start":{"line":74,"column":2},"end":{"line":74,"column":29}},"37":{"start":{"line":76,"column":0},"end":{"line":76,"column":40}},"38":{"start":{"line":80,"column":0},"end":{"line":85,"column":2}},"39":{"start":{"line":81,"column":2},"end":{"line":81,"column":80}},"40":{"start":{"line":82,"column":2},"end":{"line":82,"column":86}},"41":{"start":{"line":83,"column":2},"end":{"line":83,"column":75}},"42":{"start":{"line":84,"column":2},"end":{"line":84,"column":120}},"43":{"start":{"line":87,"column":0},"end":{"line":89,"column":2}},"44":{"start":{"line":88,"column":2},"end":{"line":88,"column":71}},"45":{"start":{"line":91,"column":0},"end":{"line":97,"column":2}},"46":{"start":{"line":93,"column":2},"end":{"line":93,"column":43}},"47":{"start":{"line":93,"column":20},"end":{"line":93,"column":43}},"48":{"start":{"line":95,"column":2},"end":{"line":95,"column":23}},"49":{"start":{"line":96,"column":2},"end":{"line":96,"column":25}},"50":{"start":{"line":99,"column":0},"end":{"line":108,"column":2}},"51":{"start":{"line":101,"column":2},"end":{"line":103,"column":3}},"52":{"start":{"line":102,"column":4},"end":{"line":102,"column":44}},"53":{"start":{"line":104,"column":2},"end":{"line":104,"column":53}},"54":{"start":{"line":106,"column":2},"end":{"line":106,"column":37}},"55":{"start":{"line":106,"column":19},"end":{"line":106,"column":37}},"56":{"start":{"line":107,"column":2},"end":{"line":107,"column":17}},"57":{"start":{"line":110,"column":0},"end":{"line":118,"column":2}},"58":{"start":{"line":111,"column":2},"end":{"line":111,"column":57}},"59":{"start":{"line":112,"column":2},"end":{"line":117,"column":5}},"60":{"start":{"line":120,"column":0},"end":{"line":288,"column":2}},"61":{"start":{"line":121,"column":2},"end":{"line":121,"column":18}},"62":{"start":{"line":122,"column":2},"end":{"line":122,"column":76}},"63":{"start":{"line":125,"column":2},"end":{"line":169,"column":5}},"64":{"start":{"line":129,"column":4},"end":{"line":129,"column":46}},"65":{"start":{"line":130,"column":4},"end":{"line":130,"column":36}},"66":{"start":{"line":131,"column":4},"end":{"line":131,"column":42}},"67":{"start":{"line":133,"column":4},"end":{"line":133,"column":52}},"68":{"start":{"line":135,"column":4},"end":{"line":137,"column":6}},"69":{"start":{"line":136,"column":6},"end":{"line":136,"column":44}},"70":{"start":{"line":139,"column":4},"end":{"line":146,"column":6}},"71":{"start":{"line":140,"column":6},"end":{"line":140,"column":60}},"72":{"start":{"line":141,"column":6},"end":{"line":145,"column":7}},"73":{"start":{"line":142,"column":8},"end":{"line":142,"column":57}},"74":{"start":{"line":144,"column":8},"end":{"line":144,"column":53}},"75":{"start":{"line":148,"column":4},"end":{"line":155,"column":6}},"76":{"start":{"line":149,"column":6},"end":{"line":149,"column":114}},"77":{"start":{"line":150,"column":6},"end":{"line":154,"column":7}},"78":{"start":{"line":151,"column":8},"end":{"line":151,"column":94}},"79":{"start":{"line":153,"column":8},"end":{"line":153,"column":51}},"80":{"start":{"line":157,"column":4},"end":{"line":160,"column":6}},"81":{"start":{"line":158,"column":6},"end":{"line":158,"column":29}},"82":{"start":{"line":159,"column":6},"end":{"line":159,"column":34}},"83":{"start":{"line":162,"column":4},"end":{"line":165,"column":6}},"84":{"start":{"line":163,"column":6},"end":{"line":163,"column":28}},"85":{"start":{"line":164,"column":6},"end":{"line":164,"column":25}},"86":{"start":{"line":168,"column":4},"end":{"line":168,"column":30}},"87":{"start":{"line":171,"column":2},"end":{"line":181,"column":5}},"88":{"start":{"line":172,"column":4},"end":{"line":179,"column":5}},"89":{"start":{"line":173,"column":6},"end":{"line":178,"column":7}},"90":{"start":{"line":174,"column":8},"end":{"line":174,"column":34}},"91":{"start":{"line":176,"column":8},"end":{"line":176,"column":38}},"92":{"start":{"line":177,"column":8},"end":{"line":177,"column":15}},"93":{"start":{"line":180,"column":4},"end":{"line":180,"column":39}},"94":{"start":{"line":183,"column":2},"end":{"line":183,"column":25}},"95":{"start":{"line":184,"column":2},"end":{"line":256,"column":5}},"96":{"start":{"line":185,"column":4},"end":{"line":188,"column":5}},"97":{"start":{"line":186,"column":6},"end":{"line":186,"column":48}},"98":{"start":{"line":187,"column":6},"end":{"line":187,"column":41}},"99":{"start":{"line":189,"column":4},"end":{"line":192,"column":5}},"100":{"start":{"line":190,"column":6},"end":{"line":190,"column":49}},"101":{"start":{"line":191,"column":6},"end":{"line":191,"column":42}},"102":{"start":{"line":194,"column":4},"end":{"line":255,"column":5}},"103":{"start":{"line":196,"column":6},"end":{"line":196,"column":45}},"104":{"start":{"line":199,"column":6},"end":{"line":199,"column":24}},"105":{"start":{"line":202,"column":6},"end":{"line":202,"column":25}},"106":{"start":{"line":207,"column":6},"end":{"line":211,"column":7}},"107":{"start":{"line":208,"column":8},"end":{"line":210,"column":9}},"108":{"start":{"line":209,"column":10},"end":{"line":209,"column":50}},"109":{"start":{"line":216,"column":6},"end":{"line":220,"column":7}},"110":{"start":{"line":217,"column":8},"end":{"line":219,"column":9}},"111":{"start":{"line":218,"column":10},"end":{"line":218,"column":75}},"112":{"start":{"line":223,"column":6},"end":{"line":254,"column":7}},"113":{"start":{"line":225,"column":8},"end":{"line":244,"column":9}},"114":{"start":{"line":228,"column":10},"end":{"line":228,"column":62}},"115":{"start":{"line":229,"column":15},"end":{"line":244,"column":9}},"116":{"start":{"line":232,"column":10},"end":{"line":232,"column":27}},"117":{"start":{"line":234,"column":10},"end":{"line":236,"column":11}},"118":{"start":{"line":235,"column":12},"end":{"line":235,"column":69}},"119":{"start":{"line":238,"column":15},"end":{"line":244,"column":9}},"120":{"start":{"line":246,"column":8},"end":{"line":251,"column":24}},"121":{"start":{"line":249,"column":10},"end":{"line":249,"column":50}},"122":{"start":{"line":250,"column":10},"end":{"line":250,"column":27}},"123":{"start":{"line":253,"column":8},"end":{"line":253,"column":46}},"124":{"start":{"line":258,"column":2},"end":{"line":274,"column":5}},"125":{"start":{"line":260,"column":4},"end":{"line":260,"column":23}},"126":{"start":{"line":262,"column":4},"end":{"line":267,"column":5}},"127":{"start":{"line":264,"column":6},"end":{"line":266,"column":9}},"128":{"start":{"line":265,"column":8},"end":{"line":265,"column":47}},"129":{"start":{"line":265,"column":27},"end":{"line":265,"column":47}},"130":{"start":{"line":270,"column":4},"end":{"line":270,"column":29}},"131":{"start":{"line":273,"column":4},"end":{"line":273,"column":40}},"132":{"start":{"line":281,"column":2},"end":{"line":287,"column":5}},"133":{"start":{"line":282,"column":4},"end":{"line":286,"column":5}},"134":{"start":{"line":283,"column":6},"end":{"line":285,"column":9}},"135":{"start":{"line":290,"column":0},"end":{"line":292,"column":2}},"136":{"start":{"line":291,"column":2},"end":{"line":291,"column":71}},"137":{"start":{"line":291,"column":27},"end":{"line":291,"column":71}},"138":{"start":{"line":300,"column":0},"end":{"line":316,"column":2}},"139":{"start":{"line":301,"column":2},"end":{"line":301,"column":70}},"140":{"start":{"line":301,"column":26},"end":{"line":301,"column":70}},"141":{"start":{"line":303,"column":2},"end":{"line":303,"column":29}},"142":{"start":{"line":303,"column":16},"end":{"line":303,"column":29}},"143":{"start":{"line":304,"column":2},"end":{"line":304,"column":72}},"144":{"start":{"line":304,"column":49},"end":{"line":304,"column":72}},"145":{"start":{"line":306,"column":2},"end":{"line":311,"column":3}},"146":{"start":{"line":307,"column":4},"end":{"line":307,"column":43}},"147":{"start":{"line":309,"column":4},"end":{"line":309,"column":34}},"148":{"start":{"line":310,"column":4},"end":{"line":310,"column":11}},"149":{"start":{"line":312,"column":2},"end":{"line":312,"column":74}},"150":{"start":{"line":313,"column":2},"end":{"line":313,"column":36}},"151":{"start":{"line":314,"column":2},"end":{"line":314,"column":34}},"152":{"start":{"line":315,"column":2},"end":{"line":315,"column":18}},"153":{"start":{"line":319,"column":0},"end":{"line":321,"column":2}},"154":{"start":{"line":320,"column":2},"end":{"line":320,"column":56}},"155":{"start":{"line":320,"column":28},"end":{"line":320,"column":56}},"156":{"start":{"line":328,"column":0},"end":{"line":347,"column":2}},"157":{"start":{"line":329,"column":2},"end":{"line":329,"column":24}},"158":{"start":{"line":330,"column":2},"end":{"line":335,"column":3}},"159":{"start":{"line":331,"column":4},"end":{"line":331,"column":27}},"160":{"start":{"line":332,"column":4},"end":{"line":332,"column":28}},"161":{"start":{"line":334,"column":4},"end":{"line":334,"column":28}},"162":{"start":{"line":337,"column":2},"end":{"line":342,"column":3}},"163":{"start":{"line":338,"column":4},"end":{"line":338,"column":43}},"164":{"start":{"line":340,"column":4},"end":{"line":340,"column":34}},"165":{"start":{"line":341,"column":4},"end":{"line":341,"column":11}},"166":{"start":{"line":344,"column":2},"end":{"line":344,"column":60}},"167":{"start":{"line":345,"column":2},"end":{"line":345,"column":29}},"168":{"start":{"line":346,"column":2},"end":{"line":346,"column":11}},"169":{"start":{"line":350,"column":0},"end":{"line":352,"column":2}},"170":{"start":{"line":351,"column":2},"end":{"line":351,"column":50}},"171":{"start":{"line":351,"column":25},"end":{"line":351,"column":50}},"172":{"start":{"line":355,"column":0},"end":{"line":368,"column":2}},"173":{"start":{"line":356,"column":2},"end":{"line":358,"column":3}},"174":{"start":{"line":357,"column":4},"end":{"line":357,"column":44}},"175":{"start":{"line":360,"column":2},"end":{"line":360,"column":39}},"176":{"start":{"line":361,"column":2},"end":{"line":367,"column":3}},"177":{"start":{"line":362,"column":4},"end":{"line":362,"column":58}},"178":{"start":{"line":364,"column":4},"end":{"line":366,"column":7}},"179":{"start":{"line":365,"column":6},"end":{"line":365,"column":60}},"180":{"start":{"line":370,"column":0},"end":{"line":389,"column":2}},"181":{"start":{"line":377,"column":2},"end":{"line":388,"column":3}},"182":{"start":{"line":378,"column":4},"end":{"line":378,"column":44}},"183":{"start":{"line":379,"column":9},"end":{"line":388,"column":3}},"184":{"start":{"line":380,"column":4},"end":{"line":380,"column":24}},"185":{"start":{"line":382,"column":4},"end":{"line":382,"column":40}},"186":{"start":{"line":384,"column":4},"end":{"line":384,"column":48}},"187":{"start":{"line":386,"column":4},"end":{"line":386,"column":50}},"188":{"start":{"line":387,"column":4},"end":{"line":387,"column":49}},"189":{"start":{"line":391,"column":0},"end":{"line":405,"column":2}},"190":{"start":{"line":392,"column":2},"end":{"line":395,"column":3}},"191":{"start":{"line":393,"column":4},"end":{"line":393,"column":46}},"192":{"start":{"line":394,"column":4},"end":{"line":394,"column":39}},"193":{"start":{"line":396,"column":2},"end":{"line":404,"column":3}},"194":{"start":{"line":397,"column":4},"end":{"line":397,"column":20}},"195":{"start":{"line":398,"column":4},"end":{"line":398,"column":49}},"196":{"start":{"line":399,"column":4},"end":{"line":403,"column":27}},"197":{"start":{"line":400,"column":6},"end":{"line":402,"column":7}},"198":{"start":{"line":401,"column":8},"end":{"line":401,"column":98}},"199":{"start":{"line":407,"column":0},"end":{"line":419,"column":2}},"200":{"start":{"line":408,"column":2},"end":{"line":411,"column":3}},"201":{"start":{"line":409,"column":4},"end":{"line":409,"column":47}},"202":{"start":{"line":410,"column":4},"end":{"line":410,"column":40}},"203":{"start":{"line":412,"column":2},"end":{"line":418,"column":3}},"204":{"start":{"line":413,"column":4},"end":{"line":413,"column":20}},"205":{"start":{"line":414,"column":4},"end":{"line":417,"column":38}},"206":{"start":{"line":415,"column":6},"end":{"line":415,"column":23}},"207":{"start":{"line":416,"column":6},"end":{"line":416,"column":42}},"208":{"start":{"line":421,"column":0},"end":{"line":438,"column":1}},"209":{"start":{"line":422,"column":2},"end":{"line":422,"column":15}},"210":{"start":{"line":423,"column":2},"end":{"line":435,"column":37}},"211":{"start":{"line":424,"column":4},"end":{"line":427,"column":6}},"212":{"start":{"line":428,"column":7},"end":{"line":435,"column":37}},"213":{"start":{"line":429,"column":4},"end":{"line":429,"column":72}},"214":{"start":{"line":430,"column":7},"end":{"line":435,"column":37}},"215":{"start":{"line":431,"column":4},"end":{"line":431,"column":20}},"216":{"start":{"line":432,"column":7},"end":{"line":435,"column":37}},"217":{"start":{"line":433,"column":4},"end":{"line":433,"column":20}},"218":{"start":{"line":435,"column":4},"end":{"line":435,"column":37}},"219":{"start":{"line":437,"column":2},"end":{"line":437,"column":18}},"220":{"start":{"line":440,"column":0},"end":{"line":552,"column":2}},"221":{"start":{"line":441,"column":2},"end":{"line":441,"column":77}},"222":{"start":{"line":446,"column":2},"end":{"line":456,"column":3}},"223":{"start":{"line":447,"column":4},"end":{"line":450,"column":5}},"224":{"start":{"line":448,"column":6},"end":{"line":448,"column":63}},"225":{"start":{"line":449,"column":6},"end":{"line":449,"column":13}},"226":{"start":{"line":451,"column":4},"end":{"line":453,"column":5}},"227":{"start":{"line":452,"column":6},"end":{"line":452,"column":81}},"228":{"start":{"line":454,"column":4},"end":{"line":454,"column":67}},"229":{"start":{"line":455,"column":4},"end":{"line":455,"column":11}},"230":{"start":{"line":460,"column":2},"end":{"line":551,"column":3}},"231":{"start":{"line":465,"column":6},"end":{"line":469,"column":7}},"232":{"start":{"line":466,"column":8},"end":{"line":466,"column":26}},"233":{"start":{"line":467,"column":8},"end":{"line":467,"column":60}},"234":{"start":{"line":468,"column":8},"end":{"line":468,"column":15}},"235":{"start":{"line":470,"column":6},"end":{"line":470,"column":52}},"236":{"start":{"line":472,"column":6},"end":{"line":477,"column":9}},"237":{"start":{"line":478,"column":6},"end":{"line":478,"column":12}},"238":{"start":{"line":482,"column":6},"end":{"line":487,"column":7}},"239":{"start":{"line":483,"column":10},"end":{"line":483,"column":72}},"240":{"start":{"line":484,"column":10},"end":{"line":484,"column":41}},"241":{"start":{"line":485,"column":10},"end":{"line":485,"column":56}},"242":{"start":{"line":486,"column":10},"end":{"line":486,"column":56}},"243":{"start":{"line":488,"column":6},"end":{"line":491,"column":7}},"244":{"start":{"line":489,"column":10},"end":{"line":489,"column":70}},"245":{"start":{"line":490,"column":10},"end":{"line":490,"column":39}},"246":{"start":{"line":493,"column":6},"end":{"line":497,"column":9}},"247":{"start":{"line":499,"column":6},"end":{"line":506,"column":9}},"248":{"start":{"line":507,"column":6},"end":{"line":507,"column":12}},"249":{"start":{"line":513,"column":6},"end":{"line":516,"column":7}},"250":{"start":{"line":514,"column":8},"end":{"line":514,"column":34}},"251":{"start":{"line":515,"column":8},"end":{"line":515,"column":35}},"252":{"start":{"line":517,"column":6},"end":{"line":517,"column":25}},"253":{"start":{"line":518,"column":6},"end":{"line":518,"column":12}},"254":{"start":{"line":521,"column":6},"end":{"line":521,"column":40}},"255":{"start":{"line":522,"column":6},"end":{"line":522,"column":30}},"256":{"start":{"line":523,"column":6},"end":{"line":525,"column":7}},"257":{"start":{"line":524,"column":8},"end":{"line":524,"column":69}},"258":{"start":{"line":526,"column":6},"end":{"line":526,"column":29}},"259":{"start"
[...]
      {password, \"guest\"}\\","\\n      ]}, \\","\\n      {\"root.connection\", [ \\","\\n        {host, \"localhost\"},\\","\\n        {virtual_host, \"/\"},\\","\\n        {username, \"guest\"},\\","\\n        {password, \"guest\"}\\","\\n      ]}\\","\\n    ]},\\","\\n    {local_username, \"guest\"},\\","\\n    {local_password, \"guest\"}\\","\\n  ]}\\","\\n].\\","';","","  argv = require('optimist').usage(usage_text).demand('host').describe('host', 'Host')[\"default\"]('host', 'localhost').demand('port').describe('port', 'Port')[\"default\"]('port', 5672).demand('vhost').describe('vhost', 'Virtual Host')[\"default\"]('vhost', '/').demand('login').describe('login', 'Login')[\"default\"]('login', 'guest').demand('password').describe('password', 'Password').argv;","","  amqp = require('../amqp');","","  assert = require('assert');","","  message_s = \"\";","","  publish_message = function() {","    var message;","    message = {","      hello: 'world'","    };","    message_s = JSON.stringify(message);","    test_exchange.publish('whatever', message);","    return console.log(\"test message published: \" + (JSON.stringify(message)) + \" to exchange: \" + test_exchange_name);","  };","","  count = 0;","","  test_message = function(message, headers, properties) {","    console.log(\"\" + (\"test message received:  message: \" + (JSON.stringify(message))) + (\"\\n  headers: \" + (JSON.stringify(headers, void 0, 4))));","    assert.equal(message_s, JSON.stringify(message, \"incorrect message content or content_type\"));","    if (count === 1) {","      assert.equal('reflector', headers[\"x-received-from\"][0][\"virtual_host\"], \"missing or mismatched virtual host name\");","    }","    return count++;","  };","","  check_results = function() {","    console.log(\"\" + count + \" messages received\");","    assert.equal(2, count, \"wrong number of messages received\");","    return process.exit(0);","  };","","  test_exchange = {};","","  test_queue_name = test_exchange_name = 'test.federation';","","  host = argv.host, port = argv.port, vhost = argv.vhost, login = argv.login, password = argv.password;","","  options = {","    host: host,","    port: port,","    vhost: vhost,","    login: login,","    password: password","  };","","  amqp_connection = amqp.createConnection(options);","","  amqp_connection.on('ready', function() {","    return amqp_connection.exchange(test_exchange_name, {","      passive: true","    }, function(exchange) {","      test_exchange = exchange;","      return amqp_connection.queue(test_queue_name, function(queue) {","        return queue.bind(test_exchange, '#', function() {","          queue.subscribe(function(message, headers, properties) {","            return test_message(message, headers, properties);","          });","          setTimeout(check_results, 1000);","          return publish_message();","        });","      });","    });","  });","","}).call(this);",""],"l":{"2":2,"3":2,"5":2,"65":2,"67":0,"69":0,"71":0,"73":0,"74":0,"75":0,"78":0,"79":0,"80":0,"83":0,"85":0,"86":0,"87":0,"88":0,"89":0,"91":0,"94":0,"95":0,"96":0,"97":0,"100":0,"102":0,"104":0,"106":0,"114":0,"116":0,"117":0,"120":0,"121":0,"122":0,"123":0,"124":0,"126":0,"127":0}},"/home/travis/build/npmtest/node-npmtest-amqp/node_modules/amqp/test2/firehose.js":{"path":"/home/travis/build/npmtest/node-npmtest-amqp/node_modules/amqp/test2/firehose.js","s":{"1":2,"2":2,"3":2,"4":0,"5":0,"6":0,"7":0,"8":0,"9":0,"10":0,"11":0,"12":0,"13":0,"14":0,"15":0,"16":0,"17":0,"18":0,"19":0,"20":0,"21":0,"22":0,"23":0,"24":0,"25":0,"26":0,"27":0,"28":0,"29":0,"30":0,"31":0,"32":0,"33":0,"34":0,"35":0,"36":0,"37":0,"38":0,"39":0,"40":0,"41":0,"42":0,"43":0,"44":0,"45":0,"46":0,"47":0,"48":0,"49":0,"50":0,"51":0,"52":0,"53":0},"b":{"1":[0,0],"2":[0,0]},"f":{"1":2,"2":0,"3":0,"4":0,"5":0,"6":0,"7":0,"8":0,"9":0,"10":0,"11":0,"12":0,"13":0},"fnMap":{"1":{"name":"(anonymous_1)","line":2,"loc":{"start":{"line":2,"column":1},"end":{"line":2,"column":12}}},"2":{"name":"(anonymous_2)","line":15,"loc":{"start":{"line":15,"column":20},"end":{"line":15,"column":31}}},"3":{"name":"(anonymous_3)","line":27,"loc":{"start":{"line":27,"column":17},"end":{"line":27,"column":56}}},"4":{"name":"(anonymous_4)","line":33,"loc":{"start":{"line":33,"column":21},"end":{"line":33,"column":60}}},"5":{"name":"(anonymous_5)","line":40,"loc":{"start":{"line":40,"column":18},"end":{"line":40,"column":29}}},"6":{"name":"(anonymous_6)","line":43,"loc":{"start":{"line":43,"column":58},"end":{"line":43,"column":90}}},"7":{"name":"(anonymous_7)","line":58,"loc":{"start":{"line":58,"column":48},"end":{"line":58,"column":80}}},"8":{"name":"(anonymous_8)","line":73,"loc":{"start":{"line":73,"column":39},"end":{"line":73,"column":50}}},"9":{"name":"(anonymous_9)","line":75,"loc":{"start":{"line":75,"column":52},"end":{"line":75,"column":68}}},"10":{"name":"(anonymous_10)","line":76,"loc":{"start":{"line":76,"column":24},"end":{"line":76,"column":63}}},"11":{"name":"(anonymous_11)","line":79,"loc":{"start":{"line":79,"column":58},"end":{"line":79,"column":74}}},"12":{"name":"(anonymous_12)","line":80,"loc":{"start":{"line":80,"column":55},"end":{"line":80,"column":66}}},"13":{"name":"(anonymous_13)","line":81,"loc":{"start":{"line":81,"column":28},"end":{"line":81,"column":67}}}},"statementMap":{"1":{"start":{"line":2,"column":0},"end":{"line":92,"column":14}},"2":{"start":{"line":3,"column":2},"end":{"line":3,"column":169}},"3":{"start":{"line":5,"column":2},"end":{"line":5,"column":622}},"4":{"start":{"line":7,"column":2},"end":{"line":7,"column":28}},"5":{"start":{"line":9,"column":2},"end":{"line":9,"column":39}},"6":{"start":{"line":11,"column":2},"end":{"line":11,"column":29}},"7":{"start":{"line":13,"column":2},"end":{"line":13,"column":17}},"8":{"start":{"line":15,"column":2},"end":{"line":23,"column":4}},"9":{"start":{"line":16,"column":4},"end":{"line":16,"column":16}},"10":{"start":{"line":17,"column":4},"end":{"line":19,"column":6}},"11":{"start":{"line":20,"column":4},"end":{"line":20,"column":40}},"12":{"start":{"line":21,"column":4},"end":{"line":21,"column":55}},"13":{"start":{"line":22,"column":4},"end":{"line":22,"column":113}},"14":{"start":{"line":25,"column":2},"end":{"line":25,"column":12}},"15":{"start":{"line":27,"column":2},"end":{"line":31,"column":4}},"16":{"start":{"line":28,"column":4},"end":{"line":28,"column":140}},"17":{"start":{"line":29,"column":4},"end":{"line":29,"column":98}},"18":{"start":{"line":30,"column":4},"end":{"line":30,"column":19}},"19":{"start":{"line":33,"column":2},"end":{"line":38,"column":4}},"20":{"start":{"line":34,"column":4},"end":{"line":34,"column":212}},"21":{"start":{"line":35,"column":4},"end":{"line":35,"column":98}},"22":{"start":{"line":36,"column":4},"end":{"line":36,"column":120}},"23":{"start":{"line":37,"column":4},"end":{"line":37,"column":19}},"24":{"start":{"line":40,"column":2},"end":{"line":50,"column":4}},"25":{"start":{"line":41,"column":4},"end":{"line":41,"column":51}},"26":{"start":{"line":42,"column":4},"end":{"line":42,"column":64}},"27":{"start":{"line":43,"column":4},"end":{"line":49,"column":7}},"28":{"start":{"line":44,"column":6},"end":{"line":47,"column":7}},"29":{"start":{"line":45,"column":8},"end":{"line":45,"column":27}},"30":{"start":{"line":46,"column":8},"end":{"line":46,"column":24}},"31":{"start":{"line":48,"column":6},"end":{"line":48,"column":29}},"32":{"start":{"line":52,"column":2},"end":{"line":52,"column":24}},"33":{"start":{"line":54,"column":2},"end":{"line":54,"column":41}},"34":{"start":{"line":56,"column":2},"end":{"line":56,"column":49}},"35":{"start":{"line":58,"column":2},"end":{"line":90,"column":5}},"36":{"start":{"line":59,"column":4},"end":{"line":59,"column":69}},"37":{"start":{"line":60,"column":4},"end":{"line":63,"column":5}},"38":{"start":{"line":61,"column":6},"end":{"line":61,"column":25}},"39":{"start":{"line":62,"column":6},"end":{"line":62,"column":22}},"40":{"start":{"line":64,"column":4},"end":{"line":64,"column":105}},"41":{"start":{"line":65,"column":4},"end":{"line":71,"column":6}},"42":{"start":{"line":72,"column":4},"end":{"line":72,"column":53}},"43":{"start":{"line":73,"column":4},"end":{"line":89,"column":7}},"44":{"start":{"line":74,"column":6},"end":{"line":74,"column":52}},"45":{"start":{"line":75,"column":6},"end":{"line":88,"column":9}},"46":{"start":{"line":76,"column":8},"end":{"line":78,"column":11}},"47":{"start":{"line":77,"column":10},"end":{"line":77,"column":60}},"48":{"start":{"line":79,"column":8},"end":{"line":87,"column":11}},"49":{"start":{"line":80,"column":10},"end":{"line":86,"column":13}},"50":{"start":{"line":81,"column":12},"end":{"line":83,"column":15}},"51":{"start":{"line":82,"column":14},"end":{"line":82,"column":68}},"52":{"start":{"line":84,"column":12},"end":{"line":84,"column":44}},"53":{"start":{"line":85,"column":12},"end":{"line":85,"column":37}}},"branchMap":{"1":{"line":44,"type":"if","locations":[{"start":{"line":44,"column":6},"end":{"line":44,"column":6}},{"start":{"line":44,"column":6},"end":{"line":44,"column":6}}]},"2":{"line":60,"type":"if","locations":[{"start":{"line":60,"column":4},"end":{"line":60,"column":4}},{"start":{"line":60,"column":4},"end":{"line":60,"column":4}}]}},"code":["// Generated by CoffeeScript 1.3.3","(function() {","  var amqp, argv, assert, check_results, count, default_exchange, exec, firehose_message, firehose_queue_name, message_s, publish_message, test_message, test_queue_name;","","  argv = require('optimist').usage('' + 'Test tracing/firehose message receipt.' + '\\nA firehose message is generated both when a message is published and when it is consumed.' + '\\nNOTE: this test will attempt to enable and then disable tracing for the vhost using rabbitmqctl.').demand('host').describe('host', 'Host')[\"default\"]('host', 'localhost').demand('port').describe('port', 'Port')[\"default\"]('port', 5672).demand('vhost').describe('vhost', 'Virtual Host')[\"default\"]('vhost', '/').demand('login').describe('login', 'Login')[\"default\"]('login', 'guest').demand('password').describe('password', 'Password').argv;","","  amqp = require('../amqp');","","  exec = require('child_process').exec;","","  assert = require('assert');","","  message_s = \"\";","","  publish_message = function() {","    var message;","    message = {","      hello: 'world'","    };","    message_s = JSON.stringify(message);","    default_exchange.publish(test_queue_name, message);","    return console.log(\"test message published: \" + (JSON.stringify(message)) + \" to queue: \" + test_queue_name);","  };","","  count = 0;","","  test_message = function(message, headers, properties) {","    console.log(\"\" + (\"test message received: routing_key: '\" + properties.routingKey + \"';\") + (\" message: \" + (JSON.stringify(message))));","    assert.equal(message_s, JSON.stringify(message, \"incorrect message content or content_type\"));","    return count++;","  };","","  firehose_message = function(message, headers, properties) {","    console.log(\"\" + (\"firehose message received:  routing_key: '\" + properties.routingKey + \"';\") + (\" headers.routing_keys[0]: '\" + headers.routing_keys[0] + \"';\") + (\" message: \" + (JSON.stringify(message))));","    assert.equal(message_s, JSON.stringify(message, \"incorrect message content or content_type\"));","    assert.equal(test_queue_name, headers.routing_keys[0], \"routing key is not queue name in firehose message headers\");","    return count++;","  };","","  check_results = function() {","    console.log(\"\" + count + \" messages received\");","    assert.equal(3, count, \"wrong number of messages received\");","    return exec(\"rabbitmqctl trace_off -p \" + argv.vhost, function(error, stdout, stderr) {","      if (error != null) {","        console.log(error);","        process.exit(2);","      }","      return process.exit(0);","    });","  };","","  default_exchange = {};","","  test_queue_name = 'test.firehose.test';","","  firehose_queue_name = 'test.firehose.firehose';","","  exec(\"rabbitmqctl trace_on -p \" + argv.vhost, function(error, stdout, stderr) {","    var amqp_connection, host, login, options, password, port, vhost;","    if (error != null) {","      console.log(error);","      process.exit(1);","    }","    host = argv.host, port = argv.port, vhost = argv.vhost, login = argv.login, password = argv.password;","    options = {","      host: host,","      port: port,","      vhost: vhost,","      login: login,","      password: password","    };","    amqp_connection = amqp.createConnection(options);","    return amqp_connection.on('ready', function() {","      default_exchange = amqp_connection.exchange();","      return amqp_connection.queue(test_queue_name, function(queue) {","        queue.subscribe(function(message, headers, properties) {","          return test_message(message, headers, properties);","        });","        return amqp_connection.queue(firehose_queue_name, function(queue) {","          return queue.bind(\"amq.rabbitmq.trace\", \"#\", function() {","            queue.subscribe(function(message, headers, properties) {","              return firehose_message(message, headers, properties);","            });","            setTimeout(check_results, 1000);","            return publish_message();","          });","        });","      });","    });","  });","","}).call(this);",""],"l":{"2":2,"3":2,"5":2,"7":0,"9":0,"11":0,"13":0,"15":0,"16":0,"17":0,"20":0,"21":0,"22":0,"25":0,"27":0,"28":0,"29":0,"30":0,"33":0,"34":0,"35":0,"36":0,"37":0,"40":0,"41":0,"42":0,"43":0,"44":0,"45":0,"46":0,"48":0,"52":0,"54":0,"56":0,"58":0,"59":0,"60":0,"61":0,"62":0,"64":0,"65":0,"72":0,"73":0,"74":0,"75":0,"76":0,"77":0,"79":0,"80":0,"81":0,"82":0,"84":0,"85":0}},"/home/travis/build/npmtest/node-npmtest-amqp/node_modules/amqp/util/delete-exchange.js":{"path":"/home/travis/build/npmtest/node-npmtest-amqp/node_modules/amqp/util/delete-exchange.js","s":{"1":1,"2":1,"3":1,"4":1,"5":1,"6":1,"7":13,"8":1,"9":0,"10":0,"11":0,"12":0,"13":0},"b":{"1":[1,1],"2":[1,1],"3":[1,1],"4":[1,1]},"f":{"1":13,"2":0,"3":0},"fnMap":{"1":{"name":"(anonymous_1)","line":15,"loc":{"start":{"line":15,"column":32},"end":{"line":15,"column":45}}},"2":{"name":"(anonymous_2)","line":19,"loc":{"start":{"line":19,"column":32},"end":{"line":19,"column":44}}},"3":{"name":"(anonymous_3)","line":22,"loc":{"start":{"line":22,"column":26},"end":{"line":22,"column":38}}}},"statementMap":{"1":{"start":{"line":1,"column":0},"end":{"line":1,"column":26}},"2":{"start":{"line":3,"column":0},"end":{"line":3,"column":27}},"3":{"start":{"line":4,"column":0},"end":{"line":4,"column":33}},"4":{"start":{"line":6,"column":0},"end":{"line":11,"column":4}},"5":{"start":{"line":13,"column":0},"end":{"line":13,"column":42}},"6":{"start":{"line":15,"column":0},"end":{"line":17,"column":3}},"7":{"start":{"line":16,"column":2},"end":{"line":16,"column":10}},"8":{"start":{"line":19,"column":0},"end":{"line":26,"column":3}},"9":{"start":{"line":20,"column":2},"end":{"line":20,"column":27}},"10":{"start":{"line":21,"column":2},"end":{"line":21,"column":36}},"11":{"start":{"line":22,"column":2},"end":{"line":25,"column":5}},"12":{"start":{"line":23,"column":4},"end":{"line":23,"column":39}},"13":{"start":{"line":24,"column":4},"end":{"line":24,"column":23}}},"branchMap":{"1":{"line":7,"type":"binary-expr","locations":[{"start":{"line":7,"column":14},"end":{"line":7,"column":38}},{"start":{"line":7,"column":47},"end":{"line":7,"column":58}}]},"2":{"line":8,"type":"binary-expr","locations":[{"start":{"line":8,"column":14},"end":{"line":8,"column":39}},{"start":{"line":8,"column":47},"end":{"line":8,"column":54}}]},"3":{"line":9,"type":"binary-expr","locations":[{"start":{"line":9,"column":14},"end":{"line":9,"column":42}},{"start":{"line":9,"column":47},"end":{"line":9,"column":54}}]},"4":{"line":10,"type":"binary-expr","locations":[{"start":{"line":10,"column":14},"end":{"line":10,"column":39}},{"start":{"line":10,"column":47},"end":{"line":10,"column":50}}]}},"code":["amqp = require('../amqp');","","var name = process.argv[2];","console.log(\"exchange: \" + name);","","var creds =","  { host:     process.env['AMQP_HOST']      || 'localhost'","  , login:    process.env['AMQP_LOGIN']     || 'guest'","  , password: process.env['AMQP_PASSWORD']  || 'guest'","  , vhost:    process.env['AMQP_VHOST']     || '/'","  };","","connection = amqp.createConnection(creds);","","connection.addListener('error', function (e) {","  throw e;","});","","connection.addListener('ready', function () {","  console.log(\"Connected\");","  var e = connection.exchange(name);","  e.destroy().addCallback(function () {","    console.log('exchange destroyed.');","    connection.close();","  });","});","",""],"l":{"1":1,"3":1,"4":1,"6":1,"13":1,"15":1,"16":13,"19":1,"20":0,"21":0,"22":0,"23":0,"24":0}},"/home/travis/build/npmtest/node-npmtest-amqp/node_modules/amqp/util/delete-queue.js":{"path":"/home/travis/build/npmtest/node-npmtest-amqp/node_modules/amqp/util/delete-queue.js","s":{"1":1,"2":1,"3":1,"4":1,"5":1,"6":1,"7":13,"8":1,"9":0,"10":0,"11":0,"12":0,"13":0},"b":{"1":[1,1],"2":[1,1],"3":[1,1],"4":[1,1]},"f":{"1":13,"2":0,"3":0},"fnMap":{"1":{"name":"(anonymous_1)","line":15,"loc":{"start":{"line":15,"column":32},"end":{"line":15,"column":45}}},"2":{"name":"(anonymous_2)","line":19,"loc":{"start":{"line":19,"column":32},"end":{"line":19,"column":44}}},"3":{"name":"(anonymous_3)","line":22,"loc":{"start":{"line":22,"column":26},"end":{"line":22,"column":38}}}},"statementMap":{"1":{"start":{"line":1,"column":0},"end":{"line":1,"column":26}},"2":{"start":{"line":3,"column":0},"end":{"line":3,"column":27}},"3":{"start":{"line":4,"column":0},"end":{"line":4,"column":33}},"4":{"start":{"line":6,"column":0},"end":{"line":11,"column":4}},"5":{"start":{"line":13,"column":0},"end":{"line":13,"column":42}},"6":{"start":{"line":15,"column":0},"end":{"line":17,"column":3}},"7":{"start":{"line":16,"column":2},"end":{"line":16,"column":10}},"8":{"start":{"line":19,"column":0},"end":{"line":26,"column":3}},"9":{"start":{"line":20,"column":2},"end":{"line":20,"column":27}},"10":{"start":{"line":21,"column":2},"end":{"line":21,"column":33}},"11":{"start":{"line":22,"column":2},"end":{"line":25,"column":5}},"12":{"start":{"line":23,"column":4},"end":{"line":23,"column":36}},"13":{"start":{"line":24,"column":4},"end":{"line":24,"column":23}}},"branchMap":{"1":{"line":7,"type":"binary-expr","locations":[{"start":{"line":7,"column":14},"end":{"line":7,"column":38}},{"start":{"line":7,"column":47},"end":{"line":7,"column":58}}]},"2":{"line":8,"type":"binary-expr","locations":[{"start":{"line":8,"column":14},"end":{"line":8,"column":39}},{"start":{"line":8,"column":47},"end":{"line":8,"column":54}}]},"3":{"line":9,"type":"binary-expr","locations":[{"start":{"line":9,"column":14},"end":{"line":9,"column":42}},{"start":{"line":9,"column":47},"end":{"line":9,"column":54}}]},"4":{"line":10,"type":"binary-expr","locations":[{"start":{"line":10,"column":14},"end":{"line":10,"column":39}},{"start":{"line":10,"column":47},"end":{"line":10,"column":50}}]}},"code":["amqp = require('../amqp');","","var name = process.argv[2];","console.log(\"exchange: \" + name);","","var creds =","  { host:     process.env['AMQP_HOST']      || 'localhost'","  , login:    process.env['AMQP_LOGIN']     || 'guest'","  , password: process.env['AMQP_PASSWORD']  || 'guest'","  , vhost:    process.env['AMQP_VHOST']     || '/'","  };","","connection = amqp.createConnection(creds);","","connection.addListener('error', function (e) {","  throw e;","});","","connection.addListener('ready', function () {","  console.log(\"Connected\");","  var q = connection.queue(name);","  q.destroy().addCallback(function () {","    console.log('queue destroyed.');","    connection.close();","  });","});","",""],"l":{"1":1,"3":1,"4":1,"6":1,"13":1,"15":1,"16":13,"19":1,"20":0,"21":0,"22":0,"23":0,"24":0}}}